#
# A fatal error has been detected by the Java Runtime Environment:
#
#  EXCEPTION_ACCESS_VIOLATION (0xc0000005) at pc=0x00007ff83dc67f14, pid=17280, tid=28996
#
# JRE version: Java(TM) SE Runtime Environment (19.0.2+7) (build 19.0.2+7-44)
# Java VM: Java HotSpot(TM) 64-Bit Server VM (19.0.2+7-44, mixed mode, sharing, tiered, compressed oops, compressed class ptrs, g1 gc, windows-amd64)
# Problematic frame:
# C  [opencv_highgui248.dll+0x17f14]
#
# No core dump will be written. Minidumps are not enabled by default on client versions of Windows
#
# If you would like to submit a bug report, please visit:
#   https://bugreport.java.com/bugreport/crash.jsp
# The crash happened outside the Java Virtual Machine in native code.
# See problematic frame for where to report the bug.
#

---------------  S U M M A R Y ------------

Command Line: modules.Login

Host: AMD Ryzen 7 5700U with Radeon Graphics         , 16 cores, 7G,  Windows 11 , 64 bit Build 22621 (10.0.22621.3570)
Time: Mon May 20 16:15:51 2024 India Standard Time elapsed time: 6.038837 seconds (0d 0h 0m 6s)

---------------  T H R E A D  ---------------

Current thread (0x00000179aa290a50):  JavaThread "Thread-0" [_thread_in_native, id=28996, stack(0x00000029a7800000,0x00000029a7900000)]

Stack: [0x00000029a7800000,0x00000029a7900000],  sp=0x00000029a78ff0d0,  free space=1020k
Native frames: (J=compiled Java code, j=interpreted, Vv=VM code, C=native code)
C  [opencv_highgui248.dll+0x17f14]

Java frames: (J=compiled Java code, j=interpreted, Vv=VM code)
j  com.googlecode.javacv.cpp.opencv_highgui.cvSetCaptureProperty(Lcom/googlecode/javacv/cpp/opencv_highgui$CvCapture;ID)I+0
j  basicclasses.FaceDetection.run()V+19
v  ~StubRoutines::call_stub 0x000001798f2f100e

siginfo: EXCEPTION_ACCESS_VIOLATION (0xc0000005), reading address 0x0000000000000000


Registers:
RAX=0x0000000000000000, RBX=0x00007ff83de7e640, RCX=0x0000000000000000, RDX=0x00000179a54f6e78
RSP=0x00000029a78ff0d0, RBP=0x00000029a78ff1a9, RSI=0x0000000000000000, RDI=0x00000179aba05220
R8 =0x00000179aba053d8, R9 =0x0000000000000001, R10=0x0000000000000003, R11=0x00000029a78ff0a0
R12=0x0000000000000000, R13=0x0000000000000000, R14=0x00000179aba052d8, R15=0x00000179aba05248
RIP=0x00007ff83dc67f14, EFLAGS=0x0000000000010246


Register to memory mapping:

RIP=0x00007ff83dc67f14 opencv_highgui248.dll
RAX=0x0 is NULL
RBX=0x00007ff83de7e640 opencv_highgui248.dll
RCX=0x0 is NULL
RDX=0x00000179a54f6e78 points into unknown readable memory: 0x00007ff87202b200 | 00 b2 02 72 f8 7f 00 00
RSP=0x00000029a78ff0d0 is pointing into the stack for thread: 0x00000179aa290a50
RBP=0x00000029a78ff1a9 is pointing into the stack for thread: 0x00000179aa290a50
RSI=0x0 is NULL
RDI=0x00000179aba05220 points into unknown readable memory: 0x0000000000000000 | 00 00 00 00 00 00 00 00
R8 =0x00000179aba053d8 points into unknown readable memory: 0x0032004200530055 | 55 00 53 00 42 00 32 00
R9 =0x0000000000000001 is an unknown value
R10=0x0000000000000003 is an unknown value
R11=0x00000029a78ff0a0 is pointing into the stack for thread: 0x00000179aa290a50
R12=0x0 is NULL
R13=0x0 is NULL
R14=0x00000179aba052d8 points into unknown readable memory: 0x4820302e32425355 | 55 53 42 32 2e 30 20 48
R15=0x00000179aba05248 points into unknown readable memory: 0x0000000000000000 | 00 00 00 00 00 00 00 00


Top of Stack: (sp=0x00000029a78ff0d0)
0x00000029a78ff0d0:   00007ff83de7e640 0000000000000000
0x00000029a78ff0e0:   00000179aba05220 00007ff897f8ab11
0x00000029a78ff0f0:   00000179aba052d8 00000179fe3b0000
0x00000029a78ff100:   00000029a78ff3c0 0000000000000000
0x00000029a78ff110:   0000000000000000 00000179aa298ac0
0x00000029a78ff120:   00000029a78ff3f8 00007ff8956ff73b
0x00000029a78ff130:   00007ff895513610 00000029a78ff3c0
0x00000029a78ff140:   0000000000000000 00000179aa69e2c0
0x00000029a78ff150:   00000179aa298ac8 00007ff8955203a2
0x00000029a78ff160:   00000179a3839870 0000000000000000
0x00000029a78ff170:   00000029a78ff3c0 00007ff80000d171
0x00000029a78ff180:   0000000000000000 00007ff800008d02
0x00000029a78ff190:   00000179aa69e2c0 0000000000000000
0x00000029a78ff1a0:   0000000000000000 00000029a78ff3f8
0x00000029a78ff1b0:   0000a829d1119656 00007ff83dc64c1f
0x00000029a78ff1c0:   0000000000000001 00000029a78ff3c0 

Instructions: (pc=0x00007ff83dc67f14)
0x00007ff83dc67e14:   00 33 d2 4c 89 b4 24 58 01 00 00 4c 8d 77 30 4c
0x00007ff83dc67e24:   8d 0d 86 fe 10 00 48 8d 0d 9f fd 10 00 44 8d 42
0x00007ff83dc67e34:   01 4c 89 74 24 20 ff 15 f0 db 10 00 44 8b e8 85
0x00007ff83dc67e44:   c0 79 19 80 3d be d4 20 00 00 0f 84 d9 07 00 00
0x00007ff83dc67e54:   48 8d 0d ad 0f 11 00 e9 c7 07 00 00 49 8b 0f 49
0x00007ff83dc67e64:   8b 16 48 8b 01 ff 50 18 44 8b e8 85 c0 79 19 80
0x00007ff83dc67e74:   3d 92 d4 20 00 00 0f 84 ad 07 00 00 48 8d 0d 59
0x00007ff83dc67e84:   0f 11 00 e9 9b 07 00 00 49 8b 0e 4c 8d 47 38 48
0x00007ff83dc67e94:   8d 15 36 fe 10 00 48 8b 01 ff 10 44 8b e8 85 c0
0x00007ff83dc67ea4:   79 19 80 3d 5f d4 20 00 00 0f 84 7a 07 00 00 48
0x00007ff83dc67eb4:   8d 0d ee 0e 11 00 e9 68 07 00 00 4c 8d b7 b8 00
0x00007ff83dc67ec4:   00 00 4c 8d 8f b8 01 00 00 48 8d 57 40 44 8b c6
0x00007ff83dc67ed4:   48 8b cb 4c 89 74 24 20 e8 4f cd ff ff 44 8b e8
0x00007ff83dc67ee4:   85 c0 0f 88 2b 07 00 00 80 3d 19 d4 20 00 00 74
0x00007ff83dc67ef4:   10 48 8d 0d 9c 0e 11 00 49 8b d6 ff 15 7b d6 10
0x00007ff83dc67f04:   00 48 8b 4f 30 48 8b 57 40 4c 8d 87 b8 01 00 00
0x00007ff83dc67f14:   48 8b 01 ff 50 18 48 8b 4f 28 4c 8b 4f 40 48 8d
0x00007ff83dc67f24:   54 24 40 48 c7 44 24 40 00 00 00 00 48 8b 01 48
0x00007ff83dc67f34:   89 54 24 28 4c 8d 3d 21 fd 10 00 4c 8d 05 ea fe
0x00007ff83dc67f44:   10 00 48 8d 15 03 ff 10 00 4c 89 7c 24 20 ff 50
0x00007ff83dc67f54:   30 85 c0 79 18 80 3d ac d3 20 00 00 74 47 48 8d
0x00007ff83dc67f64:   0d f7 0d 11 00 ff 15 11 d6 10 00 eb 38 8b 05 d9
0x00007ff83dc67f74:   fe 10 00 48 8b 4c 24 40 89 43 10 8b 05 cf fe 10
0x00007ff83dc67f84:   00 89 43 14 8b 05 ca fe 10 00 89 43 18 8b 05 c5
0x00007ff83dc67f94:   fe 10 00 89 43 1c 48 8b 01 ff 50 10 48 c7 44 24
0x00007ff83dc67fa4:   40 00 00 00 00 80 bf 99 00 00 00 00 74 3e 80 3d
0x00007ff83dc67fb4:   53 d3 20 00 00 74 0d 48 8d 0d 7e 0d 11 00 ff 15
0x00007ff83dc67fc4:   b8 d5 10 00 0f 10 43 10 44 8b 8f a8 00 00 00 48
0x00007ff83dc67fd4:   8d 45 f7 4c 8d 47 40 48 8d 57 28 48 8b cb 0f 29
0x00007ff83dc67fe4:   45 f7 48 89 44 24 20 e8 d0 d0 ff ff 48 8b 4f 28
0x00007ff83dc67ff4:   4c 8b 4f 40 4c 8d 6f 58 48 8b 01 4c 8d 05 2a fe
0x00007ff83dc68004:   10 00 48 8d 53 10 4c 89 6c 24 28 4c 89 7c 24 20 


Stack slot to memory mapping:
stack at sp + 0 slots: 0x00007ff83de7e640 opencv_highgui248.dll
stack at sp + 1 slots: 0x0 is NULL
stack at sp + 2 slots: 0x00000179aba05220 points into unknown readable memory: 0x0000000000000000 | 00 00 00 00 00 00 00 00
stack at sp + 3 slots: 0x00007ff897f8ab11 ntdll.dll
stack at sp + 4 slots: 0x00000179aba052d8 points into unknown readable memory: 0x4820302e32425355 | 55 53 42 32 2e 30 20 48
stack at sp + 5 slots: 0x00000179fe3b0000 points into unknown readable memory: 0x0000000000000000 | 00 00 00 00 00 00 00 00
stack at sp + 6 slots: 0x00000029a78ff3c0 is pointing into the stack for thread: 0x00000179aa290a50
stack at sp + 7 slots: 0x0 is NULL


---------------  P R O C E S S  ---------------

Threads class SMR info:
_java_thread_list=0x00000179aa055110, length=23, elements={
0x000001799f380dd0, 0x000001799f3819c0, 0x000001799f3825b0, 0x000001799f383ef0,
0x000001799f386830, 0x000001799f3879f0, 0x000001799f388650, 0x000001799f38afd0,
0x000001799f39eac0, 0x00000179a3612260, 0x00000179a362e9f0, 0x00000179a36325e0,
0x00000179a38ebe40, 0x00000179a38ed160, 0x00000179a38f16b0, 0x00000179a4e00d20,
0x00000179ffe437f0, 0x00000179a550a2f0, 0x00000179a55740f0, 0x00000179aa0418a0,
0x00000179aa0422c0, 0x00000179aa23ffe0, 0x00000179aa290a50
}

Java Threads: ( => current thread )
  0x000001799f380dd0 JavaThread "Reference Handler" daemon [_thread_blocked, id=20900, stack(0x00000029a5300000,0x00000029a5400000)]
  0x000001799f3819c0 JavaThread "Finalizer" daemon [_thread_blocked, id=28280, stack(0x00000029a5400000,0x00000029a5500000)]
  0x000001799f3825b0 JavaThread "Signal Dispatcher" daemon [_thread_blocked, id=22928, stack(0x00000029a5500000,0x00000029a5600000)]
  0x000001799f383ef0 JavaThread "Attach Listener" daemon [_thread_blocked, id=25716, stack(0x00000029a5600000,0x00000029a5700000)]
  0x000001799f386830 JavaThread "Service Thread" daemon [_thread_blocked, id=16232, stack(0x00000029a5700000,0x00000029a5800000)]
  0x000001799f3879f0 JavaThread "Monitor Deflation Thread" daemon [_thread_blocked, id=940, stack(0x00000029a5800000,0x00000029a5900000)]
  0x000001799f388650 JavaThread "C2 CompilerThread0" daemon [_thread_blocked, id=100, stack(0x00000029a5900000,0x00000029a5a00000)]
  0x000001799f38afd0 JavaThread "C1 CompilerThread0" daemon [_thread_blocked, id=19520, stack(0x00000029a5a00000,0x00000029a5b00000)]
  0x000001799f39eac0 JavaThread "Sweeper thread" daemon [_thread_blocked, id=27168, stack(0x00000029a5b00000,0x00000029a5c00000)]
  0x00000179a3612260 JavaThread "C1 CompilerThread1" daemon [_thread_blocked, id=29476, stack(0x00000029a5c00000,0x00000029a5d00000)]
  0x00000179a362e9f0 JavaThread "Notification Thread" daemon [_thread_blocked, id=25928, stack(0x00000029a5d00000,0x00000029a5e00000)]
  0x00000179a36325e0 JavaThread "Common-Cleaner" daemon [_thread_blocked, id=10332, stack(0x00000029a5f00000,0x00000029a6000000)]
  0x00000179a38ebe40 JavaThread "Java2D Disposer" daemon [_thread_blocked, id=31020, stack(0x00000029a6000000,0x00000029a6100000)]
  0x00000179a38ed160 JavaThread "AWT-Shutdown" [_thread_blocked, id=21220, stack(0x00000029a6100000,0x00000029a6200000)]
  0x00000179a38f16b0 JavaThread "AWT-Windows" daemon [_thread_in_native, id=20676, stack(0x00000029a6200000,0x00000029a6300000)]
  0x00000179a4e00d20 JavaThread "AWT-EventQueue-0" [_thread_in_native, id=15680, stack(0x00000029a6300000,0x00000029a6400000)]
  0x00000179ffe437f0 JavaThread "DestroyJavaVM" [_thread_blocked, id=21228, stack(0x00000029a4c00000,0x00000029a4d00000)]
  0x00000179a550a2f0 JavaThread "D3D Screen Updater" daemon [_thread_blocked, id=15744, stack(0x00000029a7200000,0x00000029a7300000)]
  0x00000179a55740f0 JavaThread "TimerQueue" daemon [_thread_blocked, id=25532, stack(0x00000029a7300000,0x00000029a7400000)]
  0x00000179aa0418a0 JavaThread "C1 CompilerThread2" daemon [_thread_blocked, id=20796, stack(0x00000029a7400000,0x00000029a7500000)]
  0x00000179aa0422c0 JavaThread "C1 CompilerThread3" daemon [_thread_blocked, id=17380, stack(0x00000029a7500000,0x00000029a7600000)]
  0x00000179aa23ffe0 JavaThread "mysql-cj-abandoned-connection-cleanup" daemon [_thread_blocked, id=10324, stack(0x00000029a7600000,0x00000029a7700000)]
=>0x00000179aa290a50 JavaThread "Thread-0" [_thread_in_native, id=28996, stack(0x00000029a7800000,0x00000029a7900000)]

Other Threads:
  0x000001799f364a50 VMThread "VM Thread" [stack: 0x00000029a5200000,0x00000029a5300000] [id=488]
  0x00000179a3631350 WatcherThread "VM Periodic Task Thread" [stack: 0x00000029a5e00000,0x00000029a5f00000] [id=31040]
  0x00000179ffe9f490 WorkerThread "GC Thread#0" [stack: 0x00000029a4d00000,0x00000029a4e00000] [id=17068]
  0x00000179a5117890 WorkerThread "GC Thread#1" [stack: 0x00000029a7b00000,0x00000029a7c00000] [id=11196]
  0x00000179a5117e30 WorkerThread "GC Thread#2" [stack: 0x00000029a7c00000,0x00000029a7d00000] [id=19332]
  0x00000179aa1f0820 WorkerThread "GC Thread#3" [stack: 0x00000029a7d00000,0x00000029a7e00000] [id=30152]
  0x00000179aa1f1360 WorkerThread "GC Thread#4" [stack: 0x00000029a7e00000,0x00000029a7f00000] [id=31068]
  0x00000179aa1ef1a0 WorkerThread "GC Thread#5" [stack: 0x00000029a7f00000,0x00000029a8000000] [id=3612]
  0x00000179aa1f0af0 WorkerThread "GC Thread#6" [stack: 0x00000029a8000000,0x00000029a8100000] [id=6796]
  0x00000179aa1f1900 WorkerThread "GC Thread#7" [stack: 0x00000029a8100000,0x00000029a8200000] [id=30308]
  0x00000179aa1efce0 WorkerThread "GC Thread#8" [stack: 0x00000029a8200000,0x00000029a8300000] [id=15652]
  0x00000179aa1f0dc0 WorkerThread "GC Thread#9" [stack: 0x00000029a8300000,0x00000029a8400000] [id=18980]
  0x00000179aa1effb0 WorkerThread "GC Thread#10" [stack: 0x00000029a8400000,0x00000029a8500000] [id=9840]
  0x00000179aa1f0550 WorkerThread "GC Thread#11" [stack: 0x00000029a8500000,0x00000029a8600000] [id=23300]
  0x00000179aa1f0280 WorkerThread "GC Thread#12" [stack: 0x00000029a8600000,0x00000029a8700000] [id=23544]
  0x00000179ffeaf120 ConcurrentGCThread "G1 Main Marker" [stack: 0x00000029a4e00000,0x00000029a4f00000] [id=11692]
  0x00000179ffeafa60 WorkerThread "G1 Conc#0" [stack: 0x00000029a4f00000,0x00000029a5000000] [id=16640]
  0x000001799f21f190 ConcurrentGCThread "G1 Refine#0" [stack: 0x00000029a5000000,0x00000029a5100000] [id=27176]
  0x000001799f220bf0 ConcurrentGCThread "G1 Service" [stack: 0x00000029a5100000,0x00000029a5200000] [id=9056]

Threads with active compile tasks:

VM state: not at safepoint (normal execution)

VM Mutex/Monitor currently owned by a thread: None

Heap address: 0x0000000089c00000, size: 1892 MB, Compressed Oops mode: 32-bit

CDS archive(s) mapped at: [0x0000000800000000-0x0000000800c40000-0x0000000800c40000), size 12845056, SharedBaseAddress: 0x0000000800000000, ArchiveRelocationMode: 0.
Compressed class space mapped at: 0x0000000801000000-0x0000000841000000, reserved size: 1073741824
Narrow klass base: 0x0000000800000000, Narrow klass shift: 0, Narrow klass range: 0x100000000

GC Precious Log:
 CardTable entry size: 512
 Card Set container configuration: InlinePtr #cards 5 size 8 Array Of Cards #cards 12 size 40 Howl #buckets 4 coarsen threshold 1843 Howl Bitmap #cards 512 size 80 coarsen threshold 460 Card regions per heap region 1 cards per card region 2048
 CPUs: 16 total, 16 available
 Memory: 7561M
 Large Page Support: Disabled
 NUMA Support: Disabled
 Compressed Oops: Enabled (32-bit)
 Heap Region Size: 1M
 Heap Min Capacity: 8M
 Heap Initial Capacity: 120M
 Heap Max Capacity: 1892M
 Pre-touch: Disabled
 Parallel Workers: 13
 Concurrent Workers: 3
 Concurrent Refinement Workers: 13
 Periodic GC: Disabled

Heap:
 garbage-first heap   total 122880K, used 6119K [0x0000000089c00000, 0x0000000100000000)
  region size 1024K, 5 young (5120K), 3 survivors (3072K)
 Metaspace       used 15513K, committed 15744K, reserved 1114112K
  class space    used 1642K, committed 1728K, reserved 1048576K

Heap Regions: E=young(eden), S=young(survivor), O=old, HS=humongous(starts), HC=humongous(continues), CS=collection set, F=free, OA=open archive, CA=closed archive, TAMS=top-at-mark-start (previous, next)
|   0|0x0000000089c00000, 0x0000000089d00000, 0x0000000089d00000|100%| O|  |TAMS 0x0000000089c00000, 0x0000000089c00000| Untracked 
|   1|0x0000000089d00000, 0x0000000089df9e00, 0x0000000089e00000| 97%| O|  |TAMS 0x0000000089d00000, 0x0000000089d00000| Untracked 
|   2|0x0000000089e00000, 0x0000000089e00000, 0x0000000089f00000|  0%| F|  |TAMS 0x0000000089e00000, 0x0000000089e00000| Untracked 
|   3|0x0000000089f00000, 0x0000000089f00000, 0x000000008a000000|  0%| F|  |TAMS 0x0000000089f00000, 0x0000000089f00000| Untracked 
|   4|0x000000008a000000, 0x000000008a000000, 0x000000008a100000|  0%| F|  |TAMS 0x000000008a000000, 0x000000008a000000| Untracked 
|   5|0x000000008a100000, 0x000000008a100000, 0x000000008a200000|  0%| F|  |TAMS 0x000000008a100000, 0x000000008a100000| Untracked 
|   6|0x000000008a200000, 0x000000008a200000, 0x000000008a300000|  0%| F|  |TAMS 0x000000008a200000, 0x000000008a200000| Untracked 
|   7|0x000000008a300000, 0x000000008a300000, 0x000000008a400000|  0%| F|  |TAMS 0x000000008a300000, 0x000000008a300000| Untracked 
|   8|0x000000008a400000, 0x000000008a400000, 0x000000008a500000|  0%| F|  |TAMS 0x000000008a400000, 0x000000008a400000| Untracked 
|   9|0x000000008a500000, 0x000000008a500000, 0x000000008a600000|  0%| F|  |TAMS 0x000000008a500000, 0x000000008a500000| Untracked 
|  10|0x000000008a600000, 0x000000008a600000, 0x000000008a700000|  0%| F|  |TAMS 0x000000008a600000, 0x000000008a600000| Untracked 
|  11|0x000000008a700000, 0x000000008a700000, 0x000000008a800000|  0%| F|  |TAMS 0x000000008a700000, 0x000000008a700000| Untracked 
|  12|0x000000008a800000, 0x000000008a800000, 0x000000008a900000|  0%| F|  |TAMS 0x000000008a800000, 0x000000008a800000| Untracked 
|  13|0x000000008a900000, 0x000000008a900000, 0x000000008aa00000|  0%| F|  |TAMS 0x000000008a900000, 0x000000008a900000| Untracked 
|  14|0x000000008aa00000, 0x000000008aa00000, 0x000000008ab00000|  0%| F|  |TAMS 0x000000008aa00000, 0x000000008aa00000| Untracked 
|  15|0x000000008ab00000, 0x000000008ab00000, 0x000000008ac00000|  0%| F|  |TAMS 0x000000008ab00000, 0x000000008ab00000| Untracked 
|  16|0x000000008ac00000, 0x000000008ac00000, 0x000000008ad00000|  0%| F|  |TAMS 0x000000008ac00000, 0x000000008ac00000| Untracked 
|  17|0x000000008ad00000, 0x000000008ad00000, 0x000000008ae00000|  0%| F|  |TAMS 0x000000008ad00000, 0x000000008ad00000| Untracked 
|  18|0x000000008ae00000, 0x000000008ae00000, 0x000000008af00000|  0%| F|  |TAMS 0x000000008ae00000, 0x000000008ae00000| Untracked 
|  19|0x000000008af00000, 0x000000008af00000, 0x000000008b000000|  0%| F|  |TAMS 0x000000008af00000, 0x000000008af00000| Untracked 
|  20|0x000000008b000000, 0x000000008b000000, 0x000000008b100000|  0%| F|  |TAMS 0x000000008b000000, 0x000000008b000000| Untracked 
|  21|0x000000008b100000, 0x000000008b100000, 0x000000008b200000|  0%| F|  |TAMS 0x000000008b100000, 0x000000008b100000| Untracked 
|  22|0x000000008b200000, 0x000000008b200000, 0x000000008b300000|  0%| F|  |TAMS 0x000000008b200000, 0x000000008b200000| Untracked 
|  23|0x000000008b300000, 0x000000008b300000, 0x000000008b400000|  0%| F|  |TAMS 0x000000008b300000, 0x000000008b300000| Untracked 
|  24|0x000000008b400000, 0x000000008b400000, 0x000000008b500000|  0%| F|  |TAMS 0x000000008b400000, 0x000000008b400000| Untracked 
|  25|0x000000008b500000, 0x000000008b500000, 0x000000008b600000|  0%| F|  |TAMS 0x000000008b500000, 0x000000008b500000| Untracked 
|  26|0x000000008b600000, 0x000000008b600000, 0x000000008b700000|  0%| F|  |TAMS 0x000000008b600000, 0x000000008b600000| Untracked 
|  27|0x000000008b700000, 0x000000008b700000, 0x000000008b800000|  0%| F|  |TAMS 0x000000008b700000, 0x000000008b700000| Untracked 
|  28|0x000000008b800000, 0x000000008b800000, 0x000000008b900000|  0%| F|  |TAMS 0x000000008b800000, 0x000000008b800000| Untracked 
|  29|0x000000008b900000, 0x000000008b900000, 0x000000008ba00000|  0%| F|  |TAMS 0x000000008b900000, 0x000000008b900000| Untracked 
|  30|0x000000008ba00000, 0x000000008ba00000, 0x000000008bb00000|  0%| F|  |TAMS 0x000000008ba00000, 0x000000008ba00000| Untracked 
|  31|0x000000008bb00000, 0x000000008bb00000, 0x000000008bc00000|  0%| F|  |TAMS 0x000000008bb00000, 0x000000008bb00000| Untracked 
|  32|0x000000008bc00000, 0x000000008bc00000, 0x000000008bd00000|  0%| F|  |TAMS 0x000000008bc00000, 0x000000008bc00000| Untracked 
|  33|0x000000008bd00000, 0x000000008bd00000, 0x000000008be00000|  0%| F|  |TAMS 0x000000008bd00000, 0x000000008bd00000| Untracked 
|  34|0x000000008be00000, 0x000000008be00000, 0x000000008bf00000|  0%| F|  |TAMS 0x000000008be00000, 0x000000008be00000| Untracked 
|  35|0x000000008bf00000, 0x000000008bf00000, 0x000000008c000000|  0%| F|  |TAMS 0x000000008bf00000, 0x000000008bf00000| Untracked 
|  36|0x000000008c000000, 0x000000008c000000, 0x000000008c100000|  0%| F|  |TAMS 0x000000008c000000, 0x000000008c000000| Untracked 
|  37|0x000000008c100000, 0x000000008c100000, 0x000000008c200000|  0%| F|  |TAMS 0x000000008c100000, 0x000000008c100000| Untracked 
|  38|0x000000008c200000, 0x000000008c200000, 0x000000008c300000|  0%| F|  |TAMS 0x000000008c200000, 0x000000008c200000| Untracked 
|  39|0x000000008c300000, 0x000000008c300000, 0x000000008c400000|  0%| F|  |TAMS 0x000000008c300000, 0x000000008c300000| Untracked 
|  40|0x000000008c400000, 0x000000008c400000, 0x000000008c500000|  0%| F|  |TAMS 0x000000008c400000, 0x000000008c400000| Untracked 
|  41|0x000000008c500000, 0x000000008c500000, 0x000000008c600000|  0%| F|  |TAMS 0x000000008c500000, 0x000000008c500000| Untracked 
|  42|0x000000008c600000, 0x000000008c600000, 0x000000008c700000|  0%| F|  |TAMS 0x000000008c600000, 0x000000008c600000| Untracked 
|  43|0x000000008c700000, 0x000000008c700000, 0x000000008c800000|  0%| F|  |TAMS 0x000000008c700000, 0x000000008c700000| Untracked 
|  44|0x000000008c800000, 0x000000008c800000, 0x000000008c900000|  0%| F|  |TAMS 0x000000008c800000, 0x000000008c800000| Untracked 
|  45|0x000000008c900000, 0x000000008c900000, 0x000000008ca00000|  0%| F|  |TAMS 0x000000008c900000, 0x000000008c900000| Untracked 
|  46|0x000000008ca00000, 0x000000008ca00000, 0x000000008cb00000|  0%| F|  |TAMS 0x000000008ca00000, 0x000000008ca00000| Untracked 
|  47|0x000000008cb00000, 0x000000008cb00000, 0x000000008cc00000|  0%| F|  |TAMS 0x000000008cb00000, 0x000000008cb00000| Untracked 
|  48|0x000000008cc00000, 0x000000008cc00000, 0x000000008cd00000|  0%| F|  |TAMS 0x000000008cc00000, 0x000000008cc00000| Untracked 
|  49|0x000000008cd00000, 0x000000008cd00000, 0x000000008ce00000|  0%| F|  |TAMS 0x000000008cd00000, 0x000000008cd00000| Untracked 
|  50|0x000000008ce00000, 0x000000008ce00000, 0x000000008cf00000|  0%| F|  |TAMS 0x000000008ce00000, 0x000000008ce00000| Untracked 
|  51|0x000000008cf00000, 0x000000008cf00000, 0x000000008d000000|  0%| F|  |TAMS 0x000000008cf00000, 0x000000008cf00000| Untracked 
|  52|0x000000008d000000, 0x000000008d000000, 0x000000008d100000|  0%| F|  |TAMS 0x000000008d000000, 0x000000008d000000| Untracked 
|  53|0x000000008d100000, 0x000000008d100000, 0x000000008d200000|  0%| F|  |TAMS 0x000000008d100000, 0x000000008d100000| Untracked 
|  54|0x000000008d200000, 0x000000008d200000, 0x000000008d300000|  0%| F|  |TAMS 0x000000008d200000, 0x000000008d200000| Untracked 
|  55|0x000000008d300000, 0x000000008d300000, 0x000000008d400000|  0%| F|  |TAMS 0x000000008d300000, 0x000000008d300000| Untracked 
|  56|0x000000008d400000, 0x000000008d400000, 0x000000008d500000|  0%| F|  |TAMS 0x000000008d400000, 0x000000008d400000| Untracked 
|  57|0x000000008d500000, 0x000000008d500000, 0x000000008d600000|  0%| F|  |TAMS 0x000000008d500000, 0x000000008d500000| Untracked 
|  58|0x000000008d600000, 0x000000008d600000, 0x000000008d700000|  0%| F|  |TAMS 0x000000008d600000, 0x000000008d600000| Untracked 
|  59|0x000000008d700000, 0x000000008d700000, 0x000000008d800000|  0%| F|  |TAMS 0x000000008d700000, 0x000000008d700000| Untracked 
|  60|0x000000008d800000, 0x000000008d800000, 0x000000008d900000|  0%| F|  |TAMS 0x000000008d800000, 0x000000008d800000| Untracked 
|  61|0x000000008d900000, 0x000000008d900000, 0x000000008da00000|  0%| F|  |TAMS 0x000000008d900000, 0x000000008d900000| Untracked 
|  62|0x000000008da00000, 0x000000008da00000, 0x000000008db00000|  0%| F|  |TAMS 0x000000008da00000, 0x000000008da00000| Untracked 
|  63|0x000000008db00000, 0x000000008db00000, 0x000000008dc00000|  0%| F|  |TAMS 0x000000008db00000, 0x000000008db00000| Untracked 
|  64|0x000000008dc00000, 0x000000008dc00000, 0x000000008dd00000|  0%| F|  |TAMS 0x000000008dc00000, 0x000000008dc00000| Untracked 
|  65|0x000000008dd00000, 0x000000008dd00000, 0x000000008de00000|  0%| F|  |TAMS 0x000000008dd00000, 0x000000008dd00000| Untracked 
|  66|0x000000008de00000, 0x000000008de00000, 0x000000008df00000|  0%| F|  |TAMS 0x000000008de00000, 0x000000008de00000| Untracked 
|  67|0x000000008df00000, 0x000000008df00000, 0x000000008e000000|  0%| F|  |TAMS 0x000000008df00000, 0x000000008df00000| Untracked 
|  68|0x000000008e000000, 0x000000008e000000, 0x000000008e100000|  0%| F|  |TAMS 0x000000008e000000, 0x000000008e000000| Untracked 
|  69|0x000000008e100000, 0x000000008e100000, 0x000000008e200000|  0%| F|  |TAMS 0x000000008e100000, 0x000000008e100000| Untracked 
|  70|0x000000008e200000, 0x000000008e200000, 0x000000008e300000|  0%| F|  |TAMS 0x000000008e200000, 0x000000008e200000| Untracked 
|  71|0x000000008e300000, 0x000000008e300000, 0x000000008e400000|  0%| F|  |TAMS 0x000000008e300000, 0x000000008e300000| Untracked 
|  72|0x000000008e400000, 0x000000008e400000, 0x000000008e500000|  0%| F|  |TAMS 0x000000008e400000, 0x000000008e400000| Untracked 
|  73|0x000000008e500000, 0x000000008e500000, 0x000000008e600000|  0%| F|  |TAMS 0x000000008e500000, 0x000000008e500000| Untracked 
|  74|0x000000008e600000, 0x000000008e600000, 0x000000008e700000|  0%| F|  |TAMS 0x000000008e600000, 0x000000008e600000| Untracked 
|  75|0x000000008e700000, 0x000000008e700000, 0x000000008e800000|  0%| F|  |TAMS 0x000000008e700000, 0x000000008e700000| Untracked 
|  76|0x000000008e800000, 0x000000008e800000, 0x000000008e900000|  0%| F|  |TAMS 0x000000008e800000, 0x000000008e800000| Untracked 
|  77|0x000000008e900000, 0x000000008e900000, 0x000000008ea00000|  0%| F|  |TAMS 0x000000008e900000, 0x000000008e900000| Untracked 
|  78|0x000000008ea00000, 0x000000008ea00000, 0x000000008eb00000|  0%| F|  |TAMS 0x000000008ea00000, 0x000000008ea00000| Untracked 
|  79|0x000000008eb00000, 0x000000008eb00000, 0x000000008ec00000|  0%| F|  |TAMS 0x000000008eb00000, 0x000000008eb00000| Untracked 
|  80|0x000000008ec00000, 0x000000008ec00000, 0x000000008ed00000|  0%| F|  |TAMS 0x000000008ec00000, 0x000000008ec00000| Untracked 
|  81|0x000000008ed00000, 0x000000008ed00000, 0x000000008ee00000|  0%| F|  |TAMS 0x000000008ed00000, 0x000000008ed00000| Untracked 
|  82|0x000000008ee00000, 0x000000008ee00000, 0x000000008ef00000|  0%| F|  |TAMS 0x000000008ee00000, 0x000000008ee00000| Untracked 
|  83|0x000000008ef00000, 0x000000008ef00000, 0x000000008f000000|  0%| F|  |TAMS 0x000000008ef00000, 0x000000008ef00000| Untracked 
|  84|0x000000008f000000, 0x000000008f000000, 0x000000008f100000|  0%| F|  |TAMS 0x000000008f000000, 0x000000008f000000| Untracked 
|  85|0x000000008f100000, 0x000000008f100000, 0x000000008f200000|  0%| F|  |TAMS 0x000000008f100000, 0x000000008f100000| Untracked 
|  86|0x000000008f200000, 0x000000008f200000, 0x000000008f300000|  0%| F|  |TAMS 0x000000008f200000, 0x000000008f200000| Untracked 
|  87|0x000000008f300000, 0x000000008f300000, 0x000000008f400000|  0%| F|  |TAMS 0x000000008f300000, 0x000000008f300000| Untracked 
|  88|0x000000008f400000, 0x000000008f400000, 0x000000008f500000|  0%| F|  |TAMS 0x000000008f400000, 0x000000008f400000| Untracked 
|  89|0x000000008f500000, 0x000000008f500000, 0x000000008f600000|  0%| F|  |TAMS 0x000000008f500000, 0x000000008f500000| Untracked 
|  90|0x000000008f600000, 0x000000008f600000, 0x000000008f700000|  0%| F|  |TAMS 0x000000008f600000, 0x000000008f600000| Untracked 
|  91|0x000000008f700000, 0x000000008f700000, 0x000000008f800000|  0%| F|  |TAMS 0x000000008f700000, 0x000000008f700000| Untracked 
|  92|0x000000008f800000, 0x000000008f800000, 0x000000008f900000|  0%| F|  |TAMS 0x000000008f800000, 0x000000008f800000| Untracked 
|  93|0x000000008f900000, 0x000000008f900000, 0x000000008fa00000|  0%| F|  |TAMS 0x000000008f900000, 0x000000008f900000| Untracked 
|  94|0x000000008fa00000, 0x000000008fb00000, 0x000000008fb00000|100%| S|CS|TAMS 0x000000008fa00000, 0x000000008fa00000| Complete 
|  95|0x000000008fb00000, 0x000000008fc00000, 0x000000008fc00000|100%| S|CS|TAMS 0x000000008fb00000, 0x000000008fb00000| Complete 
|  96|0x000000008fc00000, 0x000000008fd00000, 0x000000008fd00000|100%| S|CS|TAMS 0x000000008fc00000, 0x000000008fc00000| Complete 
|  97|0x000000008fd00000, 0x000000008fd00000, 0x000000008fe00000|  0%| F|  |TAMS 0x000000008fd00000, 0x000000008fd00000| Untracked 
|  98|0x000000008fe00000, 0x000000008fe00000, 0x000000008ff00000|  0%| F|  |TAMS 0x000000008fe00000, 0x000000008fe00000| Untracked 
|  99|0x000000008ff00000, 0x000000008ff00000, 0x0000000090000000|  0%| F|  |TAMS 0x000000008ff00000, 0x000000008ff00000| Untracked 
| 100|0x0000000090000000, 0x0000000090000000, 0x0000000090100000|  0%| F|  |TAMS 0x0000000090000000, 0x0000000090000000| Untracked 
| 101|0x0000000090100000, 0x0000000090100000, 0x0000000090200000|  0%| F|  |TAMS 0x0000000090100000, 0x0000000090100000| Untracked 
| 102|0x0000000090200000, 0x0000000090200000, 0x0000000090300000|  0%| F|  |TAMS 0x0000000090200000, 0x0000000090200000| Untracked 
| 103|0x0000000090300000, 0x0000000090300000, 0x0000000090400000|  0%| F|  |TAMS 0x0000000090300000, 0x0000000090300000| Untracked 
| 104|0x0000000090400000, 0x0000000090400000, 0x0000000090500000|  0%| F|  |TAMS 0x0000000090400000, 0x0000000090400000| Untracked 
| 105|0x0000000090500000, 0x0000000090500000, 0x0000000090600000|  0%| F|  |TAMS 0x0000000090500000, 0x0000000090500000| Untracked 
| 106|0x0000000090600000, 0x0000000090600000, 0x0000000090700000|  0%| F|  |TAMS 0x0000000090600000, 0x0000000090600000| Untracked 
| 107|0x0000000090700000, 0x0000000090700000, 0x0000000090800000|  0%| F|  |TAMS 0x0000000090700000, 0x0000000090700000| Untracked 
| 108|0x0000000090800000, 0x0000000090800000, 0x0000000090900000|  0%| F|  |TAMS 0x0000000090800000, 0x0000000090800000| Untracked 
| 109|0x0000000090900000, 0x0000000090900000, 0x0000000090a00000|  0%| F|  |TAMS 0x0000000090900000, 0x0000000090900000| Untracked 
| 110|0x0000000090a00000, 0x0000000090a00000, 0x0000000090b00000|  0%| F|  |TAMS 0x0000000090a00000, 0x0000000090a00000| Untracked 
| 111|0x0000000090b00000, 0x0000000090b00000, 0x0000000090c00000|  0%| F|  |TAMS 0x0000000090b00000, 0x0000000090b00000| Untracked 
| 112|0x0000000090c00000, 0x0000000090c00000, 0x0000000090d00000|  0%| F|  |TAMS 0x0000000090c00000, 0x0000000090c00000| Untracked 
| 113|0x0000000090d00000, 0x0000000090d00000, 0x0000000090e00000|  0%| F|  |TAMS 0x0000000090d00000, 0x0000000090d00000| Untracked 
| 114|0x0000000090e00000, 0x0000000090e00000, 0x0000000090f00000|  0%| F|  |TAMS 0x0000000090e00000, 0x0000000090e00000| Untracked 
| 115|0x0000000090f00000, 0x0000000090f00000, 0x0000000091000000|  0%| F|  |TAMS 0x0000000090f00000, 0x0000000090f00000| Untracked 
| 116|0x0000000091000000, 0x0000000091000000, 0x0000000091100000|  0%| F|  |TAMS 0x0000000091000000, 0x0000000091000000| Untracked 
| 117|0x0000000091100000, 0x0000000091100000, 0x0000000091200000|  0%| F|  |TAMS 0x0000000091100000, 0x0000000091100000| Untracked 
| 118|0x0000000091200000, 0x0000000091300000, 0x0000000091300000|100%| E|  |TAMS 0x0000000091200000, 0x0000000091200000| Complete 
| 119|0x0000000091300000, 0x0000000091400000, 0x0000000091400000|100%| E|CS|TAMS 0x0000000091300000, 0x0000000091300000| Complete 

Card table byte_map: [0x0000017998130000,0x00000179984f0000] _byte_map_base: 0x0000017997ce2000

Marking Bits (Prev, Next): (CMBitMap*) 0x00000179ffe9f9d0, (CMBitMap*) 0x00000179ffe9fa10
 Prev Bits: [0x00000179988b0000, 0x000001799a640000)
 Next Bits: [0x000001799a640000, 0x000001799c3d0000)

Polling page: 0x00000179fe560000

Metaspace:

Usage:
  Non-class:     13.55 MB used.
      Class:      1.60 MB used.
       Both:     15.15 MB used.

Virtual space:
  Non-class space:       64.00 MB reserved,      13.69 MB ( 21%) committed,  1 nodes.
      Class space:        1.00 GB reserved,       1.69 MB ( <1%) committed,  1 nodes.
             Both:        1.06 GB reserved,      15.38 MB (  1%) committed. 

Chunk freelists:
   Non-Class:  1.86 MB
       Class:  2.13 MB
        Both:  3.99 MB

MaxMetaspaceSize: unlimited
CompressedClassSpaceSize: 1.00 GB
Initial GC threshold: 21.00 MB
Current GC threshold: 21.00 MB
CDS: on
MetaspaceReclaimPolicy: balanced
 - commit_granule_bytes: 65536.
 - commit_granule_words: 8192.
 - virtual_space_node_default_size: 8388608.
 - enlarge_chunks_in_place: 1.
 - new_chunks_are_fully_committed: 0.
 - uncommit_free_chunks: 1.
 - use_allocation_guard: 0.


Internal statistics:

num_allocs_failed_limit: 0.
num_arena_births: 196.
num_arena_deaths: 0.
num_vsnodes_births: 2.
num_vsnodes_deaths: 0.
num_space_committed: 246.
num_space_uncommitted: 0.
num_chunks_returned_to_freelist: 0.
num_chunks_taken_from_freelist: 358.
num_chunk_merges: 0.
num_chunk_splits: 241.
num_chunks_enlarged: 173.
num_inconsistent_stats: 0.

CodeHeap 'non-profiled nmethods': size=119168Kb used=776Kb max_used=776Kb free=118391Kb
 bounds [0x000001798fa40000, 0x000001798fcb0000, 0x0000017996ea0000]
CodeHeap 'profiled nmethods': size=119104Kb used=4739Kb max_used=4739Kb free=114364Kb
 bounds [0x0000017987ea0000, 0x0000017988350000, 0x000001798f2f0000]
CodeHeap 'non-nmethods': size=7488Kb used=3147Kb max_used=3175Kb free=4340Kb
 bounds [0x000001798f2f0000, 0x000001798f610000, 0x000001798fa40000]
 total_blobs=3077 nmethods=2350 adapters=634
 compilation: enabled
              stopped_count=0, restarted_count=0
 full_count=0

Compilation events (20 events):
Event: 5.794 Thread 0x00000179aa0422c0 nmethod 2342 0x0000017988339290 code [0x0000017988339520, 0x000001798833a048]
Event: 5.979 Thread 0x000001799f38afd0 2344       1       java.lang.reflect.Method::getSharedParameterTypes (5 bytes)
Event: 5.979 Thread 0x000001799f38afd0 nmethod 2344 0x000001798fafaf90 code [0x000001798fafb120, 0x000001798fafb1d8]
Event: 5.979 Thread 0x00000179aa0422c0 2346   !   3       java.util.concurrent.ConcurrentHashMap::replaceNode (437 bytes)
Event: 5.979 Thread 0x000001799f38afd0 2347       3       java.util.concurrent.ConcurrentHashMap::remove (8 bytes)
Event: 5.980 Thread 0x000001799f38afd0 nmethod 2347 0x000001798833a390 code [0x000001798833a540, 0x000001798833a688]
Event: 5.981 Thread 0x000001799f38afd0 2348       3       java.lang.invoke.LambdaForm$MH/0x000000080100f400::invoke (25 bytes)
Event: 5.982 Thread 0x000001799f38afd0 nmethod 2348 0x000001798833a710 code [0x000001798833a8e0, 0x000001798833ae18]
Event: 5.982 Thread 0x00000179aa0422c0 nmethod 2346 0x000001798833af10 code [0x000001798833b280, 0x000001798833cb58]
Event: 5.982 Thread 0x00000179a3612260 2349       3       java.util.Arrays$ArrayList::iterator (12 bytes)
Event: 5.982 Thread 0x000001799f38afd0 2352       3       com.googlecode.javacpp.Loader$ClassProperties::addAll (183 bytes)
Event: 5.982 Thread 0x00000179aa0422c0 2350       3       java.util.Arrays$ArrayItr::<init> (10 bytes)
Event: 5.982 Thread 0x00000179aa0418a0 2351       3       com.googlecode.javacpp.Loader$ClassProperties::addAll (14 bytes)
Event: 5.983 Thread 0x00000179aa0422c0 nmethod 2350 0x000001798833d890 code [0x000001798833da40, 0x000001798833dbf8]
Event: 5.983 Thread 0x00000179a3612260 nmethod 2349 0x000001798833dc90 code [0x000001798833de40, 0x000001798833e0b8]
Event: 5.984 Thread 0x00000179aa0418a0 nmethod 2351 0x000001798833e190 code [0x000001798833e380, 0x000001798833e918]
Event: 5.985 Thread 0x000001799f38afd0 nmethod 2352 0x000001798833eb90 code [0x000001798833ef80, 0x0000017988340788]
Event: 6.010 Thread 0x000001799f388650 nmethod 2343 0x000001798fafb290 code [0x000001798fafb520, 0x000001798fafec68]
Event: 6.011 Thread 0x000001799f388650 2345       4       java.util.concurrent.ConcurrentHashMap::spread (10 bytes)
Event: 6.011 Thread 0x000001799f388650 nmethod 2345 0x000001798fb01d90 code [0x000001798fb01f00, 0x000001798fb01f78]

GC Heap History (2 events):
Event: 5.472 GC heap before
{Heap before GC invocations=0 (full 0):
 garbage-first heap   total 122880K, used 22528K [0x0000000089c00000, 0x0000000100000000)
  region size 1024K, 23 young (23552K), 0 survivors (0K)
 Metaspace       used 15341K, committed 15552K, reserved 1114112K
  class space    used 1624K, committed 1728K, reserved 1048576K
}
Event: 5.482 GC heap after
{Heap after GC invocations=1 (full 0):
 garbage-first heap   total 122880K, used 5095K [0x0000000089c00000, 0x0000000100000000)
  region size 1024K, 3 young (3072K), 3 survivors (3072K)
 Metaspace       used 15341K, committed 15552K, reserved 1114112K
  class space    used 1624K, committed 1728K, reserved 1048576K
}

Dll operation events (18 events):
Event: 0.011 Loaded shared library C:\Program Files\JAVA\jdk-19\bin\java.dll
Event: 0.025 Loaded shared library C:\Program Files\JAVA\jdk-19\bin\jsvml.dll
Event: 0.101 Loaded shared library C:\Program Files\JAVA\jdk-19\bin\jimage.dll
Event: 0.109 Loaded shared library C:\Program Files\JAVA\jdk-19\bin\net.dll
Event: 0.111 Loaded shared library C:\Program Files\JAVA\jdk-19\bin\nio.dll
Event: 0.115 Loaded shared library C:\Program Files\JAVA\jdk-19\bin\zip.dll
Event: 0.151 Loaded shared library C:\Program Files\JAVA\jdk-19\bin\awt.dll
Event: 0.341 Loaded shared library C:\Program Files\JAVA\jdk-19\bin\freetype.dll
Event: 0.342 Loaded shared library C:\Program Files\JAVA\jdk-19\bin\fontmanager.dll
Event: 4.805 Loaded shared library C:\Program Files\JAVA\jdk-19\bin\extnet.dll
Event: 5.068 Loaded shared library C:\Program Files\JAVA\jdk-19\bin\verify.dll
Event: 5.168 Loaded shared library C:\Users\HARSHIT\AppData\Local\Temp\javacpp289705995453800\msvcr100.dll
Event: 5.185 Loaded shared library C:\Users\HARSHIT\AppData\Local\Temp\javacpp289705995453800\msvcp100.dll
Event: 5.404 Loaded shared library C:\Users\HARSHIT\AppData\Local\Temp\javacpp289705995453800\opencv_ffmpeg248_64.dll
Event: 5.470 Loaded shared library C:\Users\HARSHIT\AppData\Local\Temp\javacpp289705995453800\opencv_core248.dll
Event: 5.538 Loaded shared library C:\Users\HARSHIT\AppData\Local\Temp\javacpp289705995453800\opencv_imgproc248.dll
Event: 5.593 Loaded shared library C:\Users\HARSHIT\AppData\Local\Temp\javacpp289705995453800\opencv_highgui248.dll
Event: 5.599 Loaded shared library C:\Users\HARSHIT\AppData\Local\Temp\javacpp289705995453800\jniopencv_highgui.dll

Deoptimization events (20 events):
Event: 5.093 Thread 0x00000179aa290a50 DEOPT PACKING pc=0x000001798fae085c sp=0x00000029a78fe490
Event: 5.093 Thread 0x00000179aa290a50 DEOPT UNPACKING pc=0x000001798f356da3 sp=0x00000029a78fe3f8 mode 2
Event: 5.128 Thread 0x00000179aa290a50 Uncommon trap: trap_request=0xffffffde fr.pc=0x000001798fa67b70 relative=0x00000000000009d0
Event: 5.128 Thread 0x00000179aa290a50 Uncommon trap: reason=class_check action=maybe_recompile pc=0x000001798fa67b70 method=java.util.HashMap.putVal(ILjava/lang/Object;Ljava/lang/Object;ZZ)Ljava/lang/Object; @ 203 c2
Event: 5.128 Thread 0x00000179aa290a50 DEOPT PACKING pc=0x000001798fa67b70 sp=0x00000029a78fe0f0
Event: 5.129 Thread 0x00000179aa290a50 DEOPT UNPACKING pc=0x000001798f356da3 sp=0x00000029a78fe090 mode 2
Event: 5.129 Thread 0x00000179aa290a50 Uncommon trap: trap_request=0xffffffde fr.pc=0x000001798fa67b04 relative=0x0000000000000964
Event: 5.129 Thread 0x00000179aa290a50 Uncommon trap: reason=class_check action=maybe_recompile pc=0x000001798fa67b04 method=java.util.HashMap.putVal(ILjava/lang/Object;Ljava/lang/Object;ZZ)Ljava/lang/Object; @ 253 c2
Event: 5.129 Thread 0x00000179aa290a50 DEOPT PACKING pc=0x000001798fa67b04 sp=0x00000029a78fdca0
Event: 5.129 Thread 0x00000179aa290a50 DEOPT UNPACKING pc=0x000001798f356da3 sp=0x00000029a78fdc40 mode 2
Event: 5.129 Thread 0x00000179aa290a50 Uncommon trap: trap_request=0xffffffde fr.pc=0x000001798fa67b04 relative=0x0000000000000964
Event: 5.129 Thread 0x00000179aa290a50 Uncommon trap: reason=class_check action=maybe_recompile pc=0x000001798fa67b04 method=java.util.HashMap.putVal(ILjava/lang/Object;Ljava/lang/Object;ZZ)Ljava/lang/Object; @ 253 c2
Event: 5.129 Thread 0x00000179aa290a50 DEOPT PACKING pc=0x000001798fa67b04 sp=0x00000029a78fdca0
Event: 5.129 Thread 0x00000179aa290a50 DEOPT UNPACKING pc=0x000001798f356da3 sp=0x00000029a78fdc40 mode 2
Event: 5.132 Thread 0x00000179aa290a50 Uncommon trap: trap_request=0xffffff45 fr.pc=0x000001798fa71adc relative=0x00000000000002bc
Event: 5.132 Thread 0x00000179aa290a50 Uncommon trap: reason=unstable_if action=reinterpret pc=0x000001798fa71adc method=jdk.internal.org.objectweb.asm.SymbolTable.put(Ljdk/internal/org/objectweb/asm/SymbolTable$Entry;)Ljdk/internal/org/objectweb/asm/SymbolTable$Entry; @ 13 c2
Event: 5.132 Thread 0x00000179aa290a50 DEOPT PACKING pc=0x000001798fa71adc sp=0x00000029a78fd2f0
Event: 5.132 Thread 0x00000179aa290a50 DEOPT UNPACKING pc=0x000001798f356da3 sp=0x00000029a78fd270 mode 2
Event: 5.793 Thread 0x00000179a4e00d20 DEOPT PACKING pc=0x000001798809cf71 sp=0x00000029a63fb520
Event: 5.793 Thread 0x00000179a4e00d20 DEOPT UNPACKING pc=0x000001798f357543 sp=0x00000029a63fa920 mode 0

Classes loaded (20 events):
Event: 5.125 Loading class jdk/internal/org/objectweb/asm/Edge
Event: 5.125 Loading class jdk/internal/org/objectweb/asm/Edge done
Event: 5.126 Loading class java/lang/reflect/Proxy$ProxyBuilder$1
Event: 5.126 Loading class java/lang/reflect/Proxy$ProxyBuilder$1 done
Event: 5.126 Loading class java/lang/annotation/Target
Event: 5.126 Loading class java/lang/annotation/Target done
Event: 5.133 Loading class java/lang/reflect/UndeclaredThrowableException
Event: 5.133 Loading class java/lang/reflect/UndeclaredThrowableException done
Event: 5.136 Loading class java/lang/Class$AnnotationData
Event: 5.136 Loading class java/lang/Class$AnnotationData done
Event: 5.144 Loading class java/io/DeleteOnExitHook
Event: 5.144 Loading class java/io/DeleteOnExitHook done
Event: 5.144 Loading class java/io/DeleteOnExitHook$1
Event: 5.144 Loading class java/io/DeleteOnExitHook$1 done
Event: 5.163 Loading class java/io/FileOutputStream$1
Event: 5.163 Loading class java/io/FileOutputStream$1 done
Event: 5.879 Loading class java/util/concurrent/Callable
Event: 5.879 Loading class java/util/concurrent/Callable done
Event: 5.882 Loading class java/util/concurrent/Executors$DefaultThreadFactory
Event: 5.882 Loading class java/util/concurrent/Executors$DefaultThreadFactory done

Classes unloaded (0 events):
No events

Classes redefined (0 events):
No events

Internal exceptions (20 events):
Event: 0.395 Thread 0x00000179ffe437f0 Exception <a 'java/lang/ClassNotFoundException'{0x0000000090e6bd10}: RootPane> (0x0000000090e6bd10) 
thrown [s\open\src\hotspot\share\classfile\systemDictionary.cpp, line 255]
Event: 0.398 Thread 0x00000179ffe437f0 Exception <a 'java/lang/ClassNotFoundException'{0x0000000090e6eb20}: com/sun/swing/internal/plaf/metal/resources/spi/metalProvider> (0x0000000090e6eb20) 
thrown [s\open\src\hotspot\share\classfile\systemDictionary.cpp, line 255]
Event: 0.399 Thread 0x00000179ffe437f0 Exception <a 'java/lang/ClassNotFoundException'{0x0000000090e727a0}: com/sun/swing/internal/plaf/basic/resources/spi/basicProvider> (0x0000000090e727a0) 
thrown [s\open\src\hotspot\share\classfile\systemDictionary.cpp, line 255]
Event: 0.495 Thread 0x00000179a4e00d20 Exception <a 'java/lang/ClassNotFoundException'{0x0000000090ef92a8}: com/sun/swing/internal/plaf/synth/resources/spi/synthProvider> (0x0000000090ef92a8) 
thrown [s\open\src\hotspot\share\classfile\systemDictionary.cpp, line 255]
Event: 0.518 Thread 0x00000179a4e00d20 Exception <a 'java/lang/NoSuchMethodError'{0x0000000090d3db48}: 'int java.lang.invoke.Invokers$Holder.invokeExact_MT(java.lang.Object, java.lang.Object)'> (0x0000000090d3db48) 
thrown [s\open\src\hotspot\share\interpreter\linkResolver.cpp, line 774]
Event: 0.535 Thread 0x00000179a4e00d20 Exception <a 'java/lang/NoSuchMethodError'{0x0000000090d564a8}: 'java.lang.Object java.lang.invoke.DirectMethodHandle$Holder.newInvokeSpecial(java.lang.Object, java.lang.Object, int)'> (0x0000000090d564a8) 
thrown [s\open\src\hotspot\share\interpreter\linkResolver.cpp, line 774]
Event: 0.536 Thread 0x00000179a4e00d20 Exception <a 'java/lang/NoSuchMethodError'{0x0000000090d5b6f0}: 'int java.lang.invoke.DirectMethodHandle$Holder.invokeSpecial(java.lang.Object, java.lang.Object, java.lang.Object, int)'> (0x0000000090d5b6f0) 
thrown [s\open\src\hotspot\share\interpreter\linkResolver.cpp, line 774]
Event: 0.539 Thread 0x00000179a4e00d20 Exception <a 'java/lang/NoSuchMethodError'{0x0000000090d6dff0}: 'java.lang.Object java.lang.invoke.DirectMethodHandle$Holder.invokeStatic(java.lang.Object, java.lang.Object, java.lang.Object, java.lang.Object, int)'> (0x0000000090d6dff0) 
thrown [s\open\src\hotspot\share\interpreter\linkResolver.cpp, line 774]
Event: 0.540 Thread 0x00000179a4e00d20 Exception <a 'java/lang/NoSuchMethodError'{0x0000000090d7a358}: 'int java.lang.invoke.DirectMethodHandle$Holder.invokeSpecial(java.lang.Object, java.lang.Object, java.lang.Object)'> (0x0000000090d7a358) 
thrown [s\open\src\hotspot\share\interpreter\linkResolver.cpp, line 774]
Event: 0.603 Thread 0x00000179a38f16b0 Exception <a 'java/lang/NoSuchMethodError'{0x00000000910fb7e8}: 'void java.lang.invoke.DirectMethodHandle$Holder.invokeVirtual(java.lang.Object, java.lang.Object)'> (0x00000000910fb7e8) 
thrown [s\open\src\hotspot\share\interpreter\linkResolver.cpp, line 774]
Event: 0.625 Thread 0x00000179a4e00d20 Exception <a 'java/lang/NoSuchMethodError'{0x0000000090de6fb8}: 'void java.lang.invoke.DirectMethodHandle$Holder.invokeStaticInit(java.lang.Object)'> (0x0000000090de6fb8) 
thrown [s\open\src\hotspot\share\interpreter\linkResolver.cpp, line 774]
Event: 0.873 Thread 0x00000179a4e00d20 Exception <a 'java/lang/NoSuchMethodError'{0x0000000090cf7ae0}: 'int java.lang.invoke.DirectMethodHandle$Holder.invokeStatic(java.lang.Object)'> (0x0000000090cf7ae0) 
thrown [s\open\src\hotspot\share\interpreter\linkResolver.cpp, line 774]
Event: 4.655 Thread 0x00000179a4e00d20 Exception <a 'java/lang/NoSuchMethodError'{0x000000009061f240}: 'java.lang.Object java.lang.invoke.DirectMethodHandle$Holder.invokeInterface(java.lang.Object, java.lang.Object)'> (0x000000009061f240) 
thrown [s\open\src\hotspot\share\interpreter\linkResolver.cpp, line 774]
Event: 4.689 Thread 0x00000179a4e00d20 Exception <a 'java/lang/NoSuchMethodError'{0x000000009050f878}: 'void java.lang.invoke.DirectMethodHandle$Holder.invokeStatic(java.lang.Object, java.lang.Object, java.lang.Object)'> (0x000000009050f878) 
thrown [s\open\src\hotspot\share\interpreter\linkResolver.cpp, line 774]
Event: 4.691 Thread 0x00000179a4e00d20 Exception <a 'java/lang/NoSuchMethodError'{0x0000000090519cd0}: 'java.lang.Object java.lang.invoke.DirectMethodHandle$Holder.invokeVirtual(java.lang.Object, java.lang.Object, java.lang.Object)'> (0x0000000090519cd0) 
thrown [s\open\src\hotspot\share\interpreter\linkResolver.cpp, line 774]
Event: 4.807 Thread 0x00000179a4e00d20 Exception <a 'java/lang/NoSuchMethodError'{0x0000000090221e58}: 'void java.lang.invoke.DirectMethodHandle$Holder.invokeStatic(java.lang.Object, java.lang.Object)'> (0x0000000090221e58) 
thrown [s\open\src\hotspot\share\interpreter\linkResolver.cpp, line 774]
Event: 5.077 Thread 0x00000179aa290a50 Exception <a 'java/lang/NoSuchMethodError'{0x000000008febca30}: 'int java.lang.invoke.DirectMethodHandle$Holder.invokeStaticInit(java.lang.Object, java.lang.Object, java.lang.Object, java.lang.Object)'> (0x000000008febca30) 
thrown [s\open\src\hotspot\share\interpreter\linkResolver.cpp, line 774]
Event: 5.078 Thread 0x00000179aa290a50 Exception <a 'java/lang/IncompatibleClassChangeError'{0x000000008fec5b68}: Found class java.lang.Object, but interface was expected> (0x000000008fec5b68) 
thrown [s\open\src\hotspot\share\interpreter\linkResolver.cpp, line 841]
Event: 5.079 Thread 0x00000179aa290a50 Exception <a 'java/lang/NoSuchMethodError'{0x000000008fec8af8}: 'void java.lang.invoke.DirectMethodHandle$Holder.invokeStaticInit(java.lang.Object, java.lang.Object)'> (0x000000008fec8af8) 
thrown [s\open\src\hotspot\share\interpreter\linkResolver.cpp, line 774]
Event: 5.080 Thread 0x00000179aa290a50 Exception <a 'java/lang/NoSuchMethodError'{0x000000008fece930}: 'int java.lang.invoke.DirectMethodHandle$Holder.invokeStaticInit(java.lang.Object, java.lang.Object)'> (0x000000008fece930) 
thrown [s\open\src\hotspot\share\interpreter\linkResolver.cpp, line 774]

VM Operations (20 events):
Event: 0.889 Executing VM operation: HandshakeAllThreads
Event: 0.889 Executing VM operation: HandshakeAllThreads done
Event: 0.952 Executing VM operation: HandshakeAllThreads
Event: 0.952 Executing VM operation: HandshakeAllThreads done
Event: 1.964 Executing VM operation: Cleanup
Event: 1.964 Executing VM operation: Cleanup done
Event: 2.989 Executing VM operation: Cleanup
Event: 2.989 Executing VM operation: Cleanup done
Event: 3.998 Executing VM operation: Cleanup
Event: 3.998 Executing VM operation: Cleanup done
Event: 4.800 Executing VM operation: HandshakeAllThreads
Event: 4.800 Executing VM operation: HandshakeAllThreads done
Event: 4.913 Executing VM operation: HandshakeAllThreads
Event: 4.913 Executing VM operation: HandshakeAllThreads done
Event: 5.122 Executing VM operation: HandshakeAllThreads
Event: 5.122 Executing VM operation: HandshakeAllThreads done
Event: 5.122 Executing VM operation: Cleanup
Event: 5.122 Executing VM operation: Cleanup done
Event: 5.472 Executing VM operation: G1CollectForAllocation
Event: 5.482 Executing VM operation: G1CollectForAllocation done

Events (20 events):
Event: 0.042 Thread 0x000001799f388650 Thread added: 0x000001799f388650
Event: 0.043 Thread 0x000001799f38afd0 Thread added: 0x000001799f38afd0
Event: 0.043 Thread 0x000001799f39eac0 Thread added: 0x000001799f39eac0
Event: 0.067 Thread 0x00000179a3612260 Thread added: 0x00000179a3612260
Event: 0.070 Thread 0x00000179a362e9f0 Thread added: 0x00000179a362e9f0
Event: 0.075 Thread 0x00000179a36325e0 Thread added: 0x00000179a36325e0
Event: 0.227 Thread 0x00000179a38ebe40 Thread added: 0x00000179a38ebe40
Event: 0.228 Thread 0x00000179a38ed160 Thread added: 0x00000179a38ed160
Event: 0.230 Thread 0x00000179a38f16b0 Thread added: 0x00000179a38f16b0
Event: 0.414 Thread 0x00000179a4e00d20 Thread added: 0x00000179a4e00d20
Event: 0.414 Thread 0x00000179ffe437f0 Thread exited: 0x00000179ffe437f0
Event: 0.414 Thread 0x00000179ffe437f0 Thread added: 0x00000179ffe437f0
Event: 0.880 Thread 0x00000179a550a2f0 Thread added: 0x00000179a550a2f0
Event: 1.001 Thread 0x00000179a55740f0 Thread added: 0x00000179a55740f0
Event: 3.974 Thread 0x00000179aa0418a0 Thread added: 0x00000179aa0418a0
Event: 3.974 Thread 0x00000179aa0422c0 Thread added: 0x00000179aa0422c0
Event: 4.612 Thread 0x00000179aa23ffe0 Thread added: 0x00000179aa23ffe0
Event: 4.675 Thread 0x00000179aa479420 Thread added: 0x00000179aa479420
Event: 5.064 Thread 0x00000179aa290a50 Thread added: 0x00000179aa290a50
Event: 5.524 Thread 0x00000179aa479420 Thread exited: 0x00000179aa479420


Dynamic libraries:
0x00007ff6d51e0000 - 0x00007ff6d51f0000 	C:\Program Files\JAVA\jdk-19\bin\java.exe
0x00007ff897f50000 - 0x00007ff898167000 	C:\WINDOWS\SYSTEM32\ntdll.dll
0x00007ff8969c0000 - 0x00007ff896a84000 	C:\WINDOWS\System32\KERNEL32.DLL
0x00007ff8956c0000 - 0x00007ff895a6e000 	C:\WINDOWS\System32\KERNELBASE.dll
0x00007ff895500000 - 0x00007ff895611000 	C:\WINDOWS\System32\ucrtbase.dll
0x00007ff88d240000 - 0x00007ff88d258000 	C:\Program Files\JAVA\jdk-19\bin\jli.dll
0x00007ff892270000 - 0x00007ff89228b000 	C:\Program Files\JAVA\jdk-19\bin\VCRUNTIME140.dll
0x00007ff896900000 - 0x00007ff8969b2000 	C:\WINDOWS\System32\ADVAPI32.dll
0x00007ff896630000 - 0x00007ff8966d7000 	C:\WINDOWS\System32\msvcrt.dll
0x00007ff896e10000 - 0x00007ff896eb8000 	C:\WINDOWS\System32\sechost.dll
0x00007ff895c50000 - 0x00007ff895c78000 	C:\WINDOWS\System32\bcrypt.dll
0x00007ff896cf0000 - 0x00007ff896e05000 	C:\WINDOWS\System32\RPCRT4.dll
0x00007ff897400000 - 0x00007ff8975ae000 	C:\WINDOWS\System32\USER32.dll
0x00007ff895450000 - 0x00007ff895476000 	C:\WINDOWS\System32\win32u.dll
0x00007ff896700000 - 0x00007ff896729000 	C:\WINDOWS\System32\GDI32.dll
0x00007ff886480000 - 0x00007ff886713000 	C:\WINDOWS\WinSxS\amd64_microsoft.windows.common-controls_6595b64144ccf1df_6.0.22621.3566_none_27125e8b73837631\COMCTL32.dll
0x00007ff895a70000 - 0x00007ff895b89000 	C:\WINDOWS\System32\gdi32full.dll
0x00007ff895620000 - 0x00007ff8956ba000 	C:\WINDOWS\System32\msvcp_win.dll
0x00007ff88a530000 - 0x00007ff88a53a000 	C:\WINDOWS\SYSTEM32\VERSION.dll
0x00007ff896cb0000 - 0x00007ff896ce1000 	C:\WINDOWS\System32\IMM32.DLL
0x00007ff892260000 - 0x00007ff89226c000 	C:\Program Files\JAVA\jdk-19\bin\vcruntime140_1.dll
0x00007ff8861d0000 - 0x00007ff88625e000 	C:\Program Files\JAVA\jdk-19\bin\msvcp140.dll
0x00007fffd9a50000 - 0x00007fffda710000 	C:\Program Files\JAVA\jdk-19\bin\server\jvm.dll
0x00007ff88e860000 - 0x00007ff88e894000 	C:\WINDOWS\SYSTEM32\WINMM.dll
0x00007ff892290000 - 0x00007ff892299000 	C:\WINDOWS\SYSTEM32\WSOCK32.dll
0x00007ff896730000 - 0x00007ff8967a1000 	C:\WINDOWS\System32\WS2_32.dll
0x00007ff894290000 - 0x00007ff8942a8000 	C:\WINDOWS\SYSTEM32\kernel.appcore.dll
0x00007ff892250000 - 0x00007ff89225a000 	C:\Program Files\JAVA\jdk-19\bin\jimage.dll
0x00007ff892a00000 - 0x00007ff892c33000 	C:\WINDOWS\SYSTEM32\DBGHELP.DLL
0x00007ff896270000 - 0x00007ff8965f8000 	C:\WINDOWS\System32\combase.dll
0x00007ff896ec0000 - 0x00007ff896f97000 	C:\WINDOWS\System32\OLEAUT32.dll
0x00007ff88bad0000 - 0x00007ff88bb02000 	C:\WINDOWS\SYSTEM32\dbgcore.DLL
0x00007ff895480000 - 0x00007ff8954f9000 	C:\WINDOWS\System32\bcryptPrimitives.dll
0x00007ff88dd10000 - 0x00007ff88dd36000 	C:\Program Files\JAVA\jdk-19\bin\java.dll
0x00007ff88dc30000 - 0x00007ff88dd07000 	C:\Program Files\JAVA\jdk-19\bin\jsvml.dll
0x00007ff8976b0000 - 0x00007ff897f0e000 	C:\WINDOWS\System32\SHELL32.dll
0x00007ff8931b0000 - 0x00007ff893aa5000 	C:\WINDOWS\SYSTEM32\windows.storage.dll
0x00007ff893070000 - 0x00007ff8931af000 	C:\WINDOWS\SYSTEM32\wintypes.dll
0x00007ff895c80000 - 0x00007ff895d75000 	C:\WINDOWS\System32\SHCORE.dll
0x00007ff896a90000 - 0x00007ff896aee000 	C:\WINDOWS\System32\shlwapi.dll
0x00007ff8951a0000 - 0x00007ff8951c1000 	C:\WINDOWS\SYSTEM32\profapi.dll
0x00007ff88af10000 - 0x00007ff88af23000 	C:\Program Files\JAVA\jdk-19\bin\net.dll
0x00007ff891810000 - 0x00007ff891946000 	C:\WINDOWS\SYSTEM32\WINHTTP.dll
0x00007ff894700000 - 0x00007ff894769000 	C:\WINDOWS\system32\mswsock.dll
0x00007ff889240000 - 0x00007ff889256000 	C:\Program Files\JAVA\jdk-19\bin\nio.dll
0x00007ff888b90000 - 0x00007ff888ba8000 	C:\Program Files\JAVA\jdk-19\bin\zip.dll
0x00007ff875d10000 - 0x00007ff875ea1000 	C:\Program Files\JAVA\jdk-19\bin\awt.dll
0x00007ff8908b0000 - 0x00007ff890947000 	C:\WINDOWS\SYSTEM32\apphelp.dll
0x00007ff8922e0000 - 0x00007ff89238b000 	C:\WINDOWS\system32\uxtheme.dll
0x00007ff896af0000 - 0x00007ff896c45000 	C:\WINDOWS\System32\MSCTF.dll
0x00007ff897170000 - 0x00007ff897315000 	C:\WINDOWS\System32\ole32.dll
0x00007ff892540000 - 0x00007ff89256b000 	C:\WINDOWS\system32\DWMAPI.DLL
0x00007ff886140000 - 0x00007ff8861c6000 	C:\Program Files\JAVA\jdk-19\bin\freetype.dll
0x00007ff8758e0000 - 0x00007ff8759a6000 	C:\Program Files\JAVA\jdk-19\bin\fontmanager.dll
0x00007ff823100000 - 0x00007ff823200000 	C:\WINDOWS\system32\opengl32.dll
0x00007ff822be0000 - 0x00007ff822c0d000 	C:\WINDOWS\SYSTEM32\GLU32.dll
0x00007ff8923f0000 - 0x00007ff892429000 	C:\WINDOWS\SYSTEM32\dxcore.dll
0x00007ff84c720000 - 0x00007ff84c8c9000 	C:\WINDOWS\system32\d3d9.dll
0x00007ff87b9a0000 - 0x00007ff87bb58000 	C:\Windows\System32\DriverStore\FileRepository\u0373026.inf_amd64_019c2394c5580e0e\B372529\aticfx64.dll
0x00007ff875ad0000 - 0x00007ff875b04000 	C:\Windows\System32\DriverStore\FileRepository\u0373026.inf_amd64_019c2394c5580e0e\B372529\atiu9p64.dll
0x00007ff818050000 - 0x00007ff818da4000 	C:\Windows\System32\DriverStore\FileRepository\u0373026.inf_amd64_019c2394c5580e0e\B372529\atiumd64.dll
0x0000000073b40000 - 0x00000000749b5000 	C:\WINDOWS\System32\DriverStore\FileRepository\u0373026.inf_amd64_019c2394c5580e0e\B372529\atiumd6a.dll
0x00007ff895d80000 - 0x00007ff8961f4000 	C:\WINDOWS\System32\SETUPAPI.dll
0x00007ff894f80000 - 0x00007ff894fcd000 	C:\WINDOWS\SYSTEM32\POWRPROF.dll
0x00007ff894f60000 - 0x00007ff894f73000 	C:\WINDOWS\SYSTEM32\UMPDC.dll
0x00007ff87b970000 - 0x00007ff87b9a0000 	C:\WINDOWS\SYSTEM32\amdihk64.dll
0x00007ff87f3d0000 - 0x00007ff87f419000 	C:\WINDOWS\SYSTEM32\directxdatabasehelper.dll
0x00007ff896840000 - 0x00007ff8968f0000 	C:\WINDOWS\System32\clbcatq.dll
0x00007ff891e10000 - 0x00007ff891fc0000 	C:\WINDOWS\SYSTEM32\WindowsCodecs.dll
0x00007ff869bf0000 - 0x00007ff869c4e000 	C:\WINDOWS\system32\dataexchange.dll
0x00007ff88d640000 - 0x00007ff88d8ca000 	C:\WINDOWS\system32\twinapi.appcore.dll
0x00007ff878c80000 - 0x00007ff878dce000 	C:\WINDOWS\SYSTEM32\textinputframework.dll
0x00007ff877ac0000 - 0x00007ff877b29000 	C:\WINDOWS\system32\Oleacc.dll
0x00007ff8691f0000 - 0x00007ff86923b000 	C:\WINDOWS\system32\ApplicationTargetedFeatureDatabase.dll
0x00007ff8900d0000 - 0x00007ff890203000 	C:\WINDOWS\SYSTEM32\CoreMessaging.dll
0x00007ff87ebd0000 - 0x00007ff87ef3c000 	C:\WINDOWS\SYSTEM32\CoreUIComponents.dll
0x00007ff894980000 - 0x00007ff89498c000 	C:\WINDOWS\SYSTEM32\CRYPTBASE.DLL
0x00007ff8920a0000 - 0x00007ff8920a8000 	C:\Program Files\JAVA\jdk-19\bin\extnet.dll
0x00007ff892240000 - 0x00007ff892250000 	C:\Program Files\JAVA\jdk-19\bin\verify.dll
0x0000000073510000 - 0x00000000735e1000 	C:\Users\HARSHIT\AppData\Local\Temp\javacpp289705995453800\msvcr100.dll
0x0000000073470000 - 0x0000000073508000 	C:\Users\HARSHIT\AppData\Local\Temp\javacpp289705995453800\msvcp100.dll
0x0000000066840000 - 0x00000000676b4000 	C:\Users\HARSHIT\AppData\Local\Temp\javacpp289705995453800\opencv_ffmpeg248_64.dll
0x00007ff83fef0000 - 0x00007ff840162000 	C:\Users\HARSHIT\AppData\Local\Temp\javacpp289705995453800\opencv_core248.dll
0x00007ff83fc30000 - 0x00007ff83fee2000 	C:\Users\HARSHIT\AppData\Local\Temp\javacpp289705995453800\opencv_imgproc248.dll
0x00007ff83dc50000 - 0x00007ff83de9d000 	C:\Users\HARSHIT\AppData\Local\Temp\javacpp289705995453800\opencv_highgui248.dll
0x00007ff8748f0000 - 0x00007ff87491b000 	C:\WINDOWS\SYSTEM32\MSVFW32.dll
0x00007ff875aa0000 - 0x00007ff875ac4000 	C:\WINDOWS\SYSTEM32\AVIFIL32.dll
0x00007ff882260000 - 0x00007ff88227a000 	C:\WINDOWS\SYSTEM32\AVICAP32.dll
0x00007ff889270000 - 0x00007ff88928e000 	C:\WINDOWS\SYSTEM32\MSACM32.dll
0x00007ff877eb0000 - 0x00007ff877ec3000 	C:\Users\HARSHIT\AppData\Local\Temp\javacpp289705995453800\jniopencv_highgui.dll
0x00007ff800000000 - 0x00007ff800021000 	C:\Windows\System32\devenum.dll
0x00007ff894ea0000 - 0x00007ff894eee000 	C:\Windows\System32\CFGMGR32.dll
0x00007ff8942b0000 - 0x00007ff8942e4000 	C:\WINDOWS\SYSTEM32\ntmarta.dll
0x00007ff894ef0000 - 0x00007ff894f1c000 	C:\WINDOWS\SYSTEM32\DEVOBJ.dll
0x00007ff8953e0000 - 0x00007ff89544b000 	C:\WINDOWS\System32\WINTRUST.dll
0x00007ff895270000 - 0x00007ff8953d7000 	C:\WINDOWS\System32\CRYPT32.dll
0x00007ff8949c0000 - 0x00007ff8949d2000 	C:\WINDOWS\SYSTEM32\MSASN1.dll
0x00007ff820200000 - 0x00007ff82020b000 	C:\WINDOWS\SYSTEM32\msdmo.dll
0x00007ff872040000 - 0x00007ff872079000 	C:\Windows\System32\qcap.dll
0x00007ff842490000 - 0x00007ff842677000 	C:\Windows\System32\quartz.dll
0x00007ff872000000 - 0x00007ff87203b000 	C:\Windows\System32\mfksproxy.dll
0x00007ff875f00000 - 0x00007ff875f1e000 	C:\Windows\System32\ATL.DLL
0x00007ff8905c0000 - 0x00007ff89078e000 	C:\Windows\System32\MFPlat.DLL
0x00007ff8903f0000 - 0x00007ff890423000 	C:\Windows\System32\RTWorkQ.DLL
0x00007ff890e40000 - 0x00007ff8911d9000 	C:\Windows\System32\MFCORE.dll
0x00007ff86ced0000 - 0x00007ff86cf6e000 	C:\Windows\System32\FrameServerClient.dll
0x00007ff871f60000 - 0x00007ff871fdf000 	C:\Windows\System32\MFSENSORGROUP.dll
0x00007ff8903c0000 - 0x00007ff8903cb000 	C:\Windows\System32\AVRT.dll
0x00007ff880400000 - 0x00007ff880495000 	C:\Windows\System32\Windows.Media.MediaControl.dll
0x00007ff88b190000 - 0x00007ff88b22d000 	C:\Windows\System32\MMDevAPI.DLL
0x00007ff82e840000 - 0x00007ff82e960000 	C:\Windows\System32\MFReadWrite.dll
0x00007ff871f30000 - 0x00007ff871f56000 	C:\Windows\System32\kswdmcap.ax
0x00007ff8913a0000 - 0x00007ff8913af000 	C:\Windows\System32\vidcap.ax
0x00007ff86b3b0000 - 0x00007ff86b45f000 	C:\Windows\System32\qedit.dll
0x00007ff8975b0000 - 0x00007ff8976a8000 	C:\WINDOWS\System32\COMDLG32.dll
0x00007ff866930000 - 0x00007ff866aea000 	C:\WINDOWS\WinSxS\amd64_microsoft.windows.gdiplus_6595b64144ccf1df_1.1.22621.3566_none_57fd5170ce15efff\gdiplus.dll
0x00007ff86a1b0000 - 0x00007ff86a2ae000 	C:\Windows\System32\DDRAW.dll
0x00007ff88e900000 - 0x00007ff88e909000 	C:\Windows\System32\DCIMAN32.dll
0x00007ff892430000 - 0x00007ff892527000 	C:\Windows\System32\dxgi.dll
0x00007ff887ec0000 - 0x00007ff887ee9000 	C:\WINDOWS\SYSTEM32\WINMMBASE.dll
0x00007ff88d3f0000 - 0x00007ff88d3fc000 	C:\WINDOWS\SYSTEM32\msyuv.dll
0x00007ff87c1f0000 - 0x00007ff87c236000 	C:\WINDOWS\SYSTEM32\wdmaud.drv
0x00007ff88c2c0000 - 0x00007ff88c2c9000 	C:\WINDOWS\SYSTEM32\ksuser.dll
0x00007ff883ff0000 - 0x00007ff8841dc000 	C:\WINDOWS\SYSTEM32\AUDIOSES.DLL
0x00007ff88bce0000 - 0x00007ff88bcee000 	C:\WINDOWS\SYSTEM32\msacm32.drv
0x00007ff889bb0000 - 0x00007ff889bbb000 	C:\WINDOWS\SYSTEM32\midimap.dll
0x00007ff877e90000 - 0x00007ff877ea7000 	C:\WINDOWS\SYSTEM32\vfwwdm32.dll

dbghelp: loaded successfully - version: 4.0.5 - missing functions: none
symbol engine: initialized successfully - sym options: 0x614 - pdb path: .;C:\Program Files\JAVA\jdk-19\bin;C:\WINDOWS\SYSTEM32;C:\WINDOWS\WinSxS\amd64_microsoft.windows.common-controls_6595b64144ccf1df_6.0.22621.3566_none_27125e8b73837631;C:\Program Files\JAVA\jdk-19\bin\server;C:\Windows\System32\DriverStore\FileRepository\u0373026.inf_amd64_019c2394c5580e0e\B372529;C:\Users\HARSHIT\AppData\Local\Temp\javacpp289705995453800;C:\WINDOWS\WinSxS\amd64_microsoft.windows.gdiplus_6595b64144ccf1df_1.1.22621.3566_none_57fd5170ce15efff

VM Arguments:
java_command: modules.Login
java_class_path (initial): D:\PROJECT\Evoting\evoting\target\classes;C:\Users\HARSHIT\.m2\repository\com\sun\mail\javax.mail\1.6.2\javax.mail-1.6.2.jar;C:\Users\HARSHIT\.m2\repository\javax\activation\activation\1.1\activation-1.1.jar;C:\Users\HARSHIT\.m2\repository\mysql-connector-java\mysql-connector-java\8.0.27\mysql-connector-java-8.0.27.jar;C:\Users\HARSHIT\.m2\repository\javacv-windows\javacv-windows\0.7\javacv-windows-0.7.jar;C:\Users\HARSHIT\.m2\repository\javacvcppjar\javacvcppjar\0.7\javacvcppjar-0.7.jar;C:\Users\HARSHIT\.m2\repository\javacv\javacv\0.7\javacv-0.7.jar;C:\Users\HARSHIT\.m2\repository\com\googlecode\javacpp\javacpp\0.7\javacpp-0.7.jar;C:\Users\HARSHIT\.m2\repository\opencv\opencv\490\opencv-490.jar;C:\Users\HARSHIT\.m2\repository\opencvjar\opencvjar\2.4.8\opencvjar-2.4.8.jar
Launcher Type: SUN_STANDARD

[Global flags]
     intx CICompilerCount                          = 12                                        {product} {ergonomic}
     uint ConcGCThreads                            = 3                                         {product} {ergonomic}
     uint G1ConcRefinementThreads                  = 13                                        {product} {ergonomic}
   size_t G1HeapRegionSize                         = 1048576                                   {product} {ergonomic}
    uintx GCDrainStackTargetSize                   = 64                                        {product} {ergonomic}
   size_t InitialHeapSize                          = 125829120                                 {product} {ergonomic}
   size_t MarkStackSize                            = 4194304                                   {product} {ergonomic}
   size_t MaxHeapSize                              = 1983905792                                {product} {ergonomic}
   size_t MaxNewSize                               = 1190133760                                {product} {ergonomic}
   size_t MinHeapDeltaBytes                        = 1048576                                   {product} {ergonomic}
   size_t MinHeapSize                              = 8388608                                   {product} {ergonomic}
    uintx NonNMethodCodeHeapSize                   = 7602480                                {pd product} {ergonomic}
    uintx NonProfiledCodeHeapSize                  = 122027880                              {pd product} {ergonomic}
    uintx ProfiledCodeHeapSize                     = 122027880                              {pd product} {ergonomic}
    uintx ReservedCodeCacheSize                    = 251658240                              {pd product} {ergonomic}
     bool SegmentedCodeCache                       = true                                      {product} {ergonomic}
   size_t SoftMaxHeapSize                          = 1983905792                             {manageable} {ergonomic}
     bool UseCompressedClassPointers               = true                           {product lp64_product} {ergonomic}
     bool UseCompressedOops                        = true                           {product lp64_product} {ergonomic}
     bool UseG1GC                                  = true                                      {product} {ergonomic}
     bool UseLargePagesIndividualAllocation        = false                                  {pd product} {ergonomic}

Logging:
Log output configuration:
 #0: stdout all=warning uptime,level,tags foldmultilines=false
 #1: stderr all=off uptime,level,tags foldmultilines=false

Environment Variables:
JAVA_HOME=C:\Program Files\JAVA\jdk-19
PATH=C:\Program Files\Common Files\Oracle\Java\javapath;C:\Program Files (x86)\Common Files\Oracle\Java\javapath;C:\WINDOWS\system32;C:\WINDOWS;C:\WINDOWS\System32\Wbem;C:\WINDOWS\System32\WindowsPowerShell\v1.0\;C:\WINDOWS\System32\OpenSSH\;C:\msys64\mingw64\bin;C:\Users\HARSHIT\AppData\Local\Programs\Python\Python310\Scripts\;C:\Users\HARSHIT\AppData\Local\Programs\Python\Python310\;C:\Users\HARSHIT\AppData\Local\Microsoft\WindowsApps;C:\Users\HARSHIT\AppData\Local\Programs\Microsoft VS Code\bin;C:\Users\HARSHIT\AppData\Local\GitHubDesktop\bin;
USERNAME=HARSHIT
OS=Windows_NT
PROCESSOR_IDENTIFIER=AMD64 Family 23 Model 104 Stepping 1, AuthenticAMD
TMP=C:\Users\HARSHIT\AppData\Local\Temp
TEMP=C:\Users\HARSHIT\AppData\Local\Temp



---------------  S Y S T E M  ---------------

OS:
 Windows 11 , 64 bit Build 22621 (10.0.22621.3570)
OS uptime: 3 days 8:28 hours

CPU: total 16 (initial active 16) (16 cores per cpu, 2 threads per core) family 23 model 104 stepping 1 microcode 0x0, cx8, cmov, fxsr, ht, mmx, 3dnowpref, sse, sse2, sse3, ssse3, sse4a, sse4.1, sse4.2, popcnt, lzcnt, tsc, tscinvbit, avx, avx2, aes, clmul, bmi1, bmi2, adx, sha, fma, vzeroupper, clflush, clflushopt, rdtscp, rdpid

Memory: 4k page, system-wide physical 7561M (447M free)
TotalPageFile size 21897M (AvailPageFile size 6012M)
current process WorkingSet (physical memory assigned to process): 150M, peak: 154M
current process commit charge ("private bytes"): 331M, peak: 331M

vm_info: Java HotSpot(TM) 64-Bit Server VM (19.0.2+7-44) for windows-amd64 JRE (19.0.2+7-44), built on 2022-11-30T18:02:09Z by "mach5one" with MS VC++ 17.1 (VS2022)

END.
