#
# A fatal error has been detected by the Java Runtime Environment:
#
#  Internal Error (0xc000000d), pid=24108, tid=11700
#
# JRE version: Java(TM) SE Runtime Environment (19.0.2+7) (build 19.0.2+7-44)
# Java VM: Java HotSpot(TM) 64-Bit Server VM (19.0.2+7-44, mixed mode, sharing, tiered, compressed oops, compressed class ptrs, g1 gc, windows-amd64)
# Problematic frame:
# C  [ntdll.dll+0x126330]
#
# No core dump will be written. Minidumps are not enabled by default on client versions of Windows
#
# If you would like to submit a bug report, please visit:
#   https://bugreport.java.com/bugreport/crash.jsp
#

---------------  S U M M A R Y ------------

Command Line: -agentlib:jdwp=transport=dt_socket,server=n,address=57373 modules.Face

Host: AMD Ryzen 7 5700U with Radeon Graphics         , 16 cores, 7G,  Windows 11 , 64 bit Build 22621 (10.0.22621.3570)
Time: Thu May 30 11:27:56 2024 India Standard Time elapsed time: 9.350699 seconds (0d 0h 0m 9s)

---------------  T H R E A D  ---------------

Current thread (0x0000025d46945ff0):  VMThread "VM Thread" [stack: 0x000000a9a5100000,0x000000a9a5200000] [id=11700]

Stack: [0x000000a9a5100000,0x000000a9a5200000],  sp=0x000000a9a51fe210,  free space=1016k
Native frames: (J=compiled Java code, j=interpreted, Vv=VM code, C=native code)
C  [ntdll.dll+0x126330]
C  [ntdll.dll+0xc791b]
C  [KERNELBASE.dll+0x740b9]
C  [RTWorkQ.DLL+0x8b08]


siginfo: EXCEPTION_?? (0xc000000d)


Registers:
RAX=0x00007ff9f9aecdf0, RBX=0x0000025d50bb7b50, RCX=0x00007ff900000001, RDX=0x0000000000000000
RSP=0x000000a9a51fe210, RBP=0x00007ff9ef339a30, RSI=0x0000025d50fdf970, RDI=0x0000000000000000
R8 =0x0000025d50fc7d7c, R9 =0x000000a9a51fdd30, R10=0x0000025d50fc7d80, R11=0x0000000000000004
R12=0x0000025d50bb7b50, R13=0x0000000000000000, R14=0x000000a9a51fe3a8, R15=0x00007ff9ef339a30
RIP=0x00007ff9fab96330, EFLAGS=0x0000000000000206


Register to memory mapping:

RIP=0x00007ff9fab96330 ntdll.dll
RAX=0x00007ff9f9aecdf0 SHCORE.dll
RBX=0x0000025d50bb7b50 points into unknown readable memory: 0x0000000000000000 | 00 00 00 00 00 00 00 00
RCX=0x00007ff900000001 is an unknown value
RDX=0x0 is NULL
RSP=0x000000a9a51fe210 points into unknown readable memory: 0x0000000000000057 | 57 00 00 00 00 00 00 00
RBP=0x00007ff9ef339a30 RTWorkQ.DLL
RSI=0x0000025d50fdf970 points into unknown readable memory: 0x0000000900000003 | 03 00 00 00 09 00 00 00
RDI=0x0 is NULL
R8 =0x0000025d50fc7d7c points into unknown readable memory: 02 00 00 00
R9 =0x000000a9a51fdd30 points into unknown readable memory: 0x0004000100040000 | 00 00 04 00 01 00 04 00
R10=0x0000025d50fc7d80 points into unknown readable memory: 0x0000000001832eaa | aa 2e 83 01 00 00 00 00
R11=0x0000000000000004 is an unknown value
R12=0x0000025d50bb7b50 points into unknown readable memory: 0x0000000000000000 | 00 00 00 00 00 00 00 00
R13=0x0 is NULL
R14=0x000000a9a51fe3a8 points into unknown readable memory: 0x0000000000000000 | 00 00 00 00 00 00 00 00
R15=0x00007ff9ef339a30 RTWorkQ.DLL


Top of Stack: (sp=0x000000a9a51fe210)
0x000000a9a51fe210:   0000000000000057 0000025d50bb7b50
0x000000a9a51fe220:   0000025d50fdf970 0000000000000051
0x000000a9a51fe230:   00000080c000000d 0000000000000000
0x000000a9a51fe240:   00007ff9fab96330 0000000000000000
0x000000a9a51fe250:   0000000000000000 0000000000000000
0x000000a9a51fe260:   0000000000000000 0000000000000000
0x000000a9a51fe270:   0000000000000000 0000000000000000
0x000000a9a51fe280:   0000000000000000 0000000000000000
0x000000a9a51fe290:   0000000000000000 0000000000000000
0x000000a9a51fe2a0:   0000000000000000 0000000000000000
0x000000a9a51fe2b0:   0000000000000000 0000000000000000
0x000000a9a51fe2c0:   0000000000000000 0000025d50fdf880
0x000000a9a51fe2d0:   0000f49359403d0a 0000000000001004
0x000000a9a51fe2e0:   0000000000000060 00007ff9fab3791b
0x000000a9a51fe2f0:   0000025d50fdf880 00007ff9f7f1f73b
0x000000a9a51fe300:   0000025d50bb7b50 00007ff9ef339a30 

Instructions: (pc=0x00007ff9fab96330)
0x00007ff9fab96230:   40 48 83 c4 30 5f c3 cc cc cc cc cc cc cc cc cc
0x00007ff9fab96240:   40 55 48 8d 6c 24 a9 48 81 ec d0 00 00 00 48 8b
0x00007ff9fab96250:   05 db 82 07 00 48 33 c4 48 89 45 47 4c 8b d2 4d
0x00007ff9fab96260:   85 c0 74 30 4d 8b 48 50 48 8d 05 31 7c f2 ff c7
0x00007ff9fab96270:   45 bf 05 00 00 00 4c 3b c8 75 13 49 8b 40 58 48
0x00007ff9fab96280:   8b 50 20 48 85 d2 74 06 48 89 55 e7 eb 0d 4c 89
0x00007ff9fab96290:   4d e7 eb 07 c7 45 bf 04 00 00 00 48 83 65 af 00
0x00007ff9fab962a0:   48 83 65 df 00 48 63 c1 48 8d 4d a7 48 89 45 c7
0x00007ff9fab962b0:   c7 45 a7 0a 07 00 c0 4c 89 55 cf 4c 89 45 d7 c7
0x00007ff9fab962c0:   45 ab 01 00 00 00 e8 05 e0 f2 ff 48 8b 4d 47 48
0x00007ff9fab962d0:   33 cc e8 b9 85 f6 ff 48 81 c4 d0 00 00 00 5d c3
0x00007ff9fab962e0:   cc cc cc cc cc cc cc cc 48 81 ec d8 00 00 00 48
0x00007ff9fab962f0:   8b 05 3a 82 07 00 48 33 c4 48 89 84 24 c0 00 00
0x00007ff9fab96300:   00 33 d2 41 b8 94 00 00 00 48 8d 4c 24 24 e8 fd
0x00007ff9fab96310:   ac 00 00 c7 44 24 20 0d 00 00 c0 b9 57 00 00 00
0x00007ff9fab96320:   e8 bb cf f2 ff 90 48 8d 4c 24 20 e8 a0 df f2 ff
0x00007ff9fab96330:   eb 00 48 8b 8c 24 c0 00 00 00 48 33 cc e8 4e 85
0x00007ff9fab96340:   f6 ff 48 81 c4 d8 00 00 00 c3 cc 40 55 48 83 ec
0x00007ff9fab96350:   20 48 8b ea e8 0f 00 00 00 90 48 83 c4 20 5d c3
0x00007ff9fab96360:   cc cc cc cc cc cc cc cc 48 83 ec 28 48 8b 51 08
0x00007ff9fab96370:   41 b8 03 00 00 00 48 8b 09 e8 92 0d fc ff 33 c0
0x00007ff9fab96380:   48 83 c4 28 c3 cc cc cc cc cc cc cc 48 8b 01 48
0x00007ff9fab96390:   83 c9 ff 8b 10 e9 26 9b f7 ff cc cc cc cc cc cc
0x00007ff9fab963a0:   4c 8b dc 48 81 ec 88 00 00 00 48 8b 05 7f 81 07
0x00007ff9fab963b0:   00 48 33 c4 48 89 44 24 70 48 8b 84 24 b0 00 00
0x00007ff9fab963c0:   00 41 ba 24 1c 00 00 49 89 43 d8 8b 84 24 b8 00
0x00007ff9fab963d0:   00 00 66 45 89 53 9e 49 89 4b b8 49 89 53 c0 4d
0x00007ff9fab963e0:   89 43 c8 4d 89 4b d0 89 44 24 68 e8 c0 47 f1 ff
0x00007ff9fab963f0:   85 c0 74 19 65 48 8b 04 25 60 00 00 00 48 8b 88
0x00007ff9fab96400:   90 00 00 00 48 81 c1 2c 02 00 00 eb 05 b9 86 03
0x00007ff9fab96410:   fe 7f 0f b6 09 4c 8d 4c 24 20 ba 03 04 00 00 41
0x00007ff9fab96420:   b8 2c 00 00 00 e8 c6 a0 f7 ff 48 8b 4c 24 70 48 


Stack slot to memory mapping:
stack at sp + 0 slots: 0x0000000000000057 is an unknown value
stack at sp + 1 slots: 0x0000025d50bb7b50 points into unknown readable memory: 0x0000000000000000 | 00 00 00 00 00 00 00 00
stack at sp + 2 slots: 0x0000025d50fdf970 points into unknown readable memory: 0x0000000900000003 | 03 00 00 00 09 00 00 00
stack at sp + 3 slots: 0x0000000000000051 is an unknown value
stack at sp + 4 slots: 0x00000080c000000d is an unknown value
stack at sp + 5 slots: 0x0 is NULL
stack at sp + 6 slots: 0x00007ff9fab96330 ntdll.dll
stack at sp + 7 slots: 0x0 is NULL

VM_Operation (0x000000a9a66fdf80): Exit, mode: safepoint, requested by thread 0x0000025d4bb62030


---------------  P R O C E S S  ---------------

Threads class SMR info:
_java_thread_list=0x0000025d4afd7020, length=19, elements={
0x0000025d46963030, 0x0000025d46963c20, 0x0000025d4696a170, 0x0000025d4696ab80,
0x0000025d4696d740, 0x0000025d4696e3a0, 0x0000025d46977d30, 0x0000025d46981bc0,
0x0000025d4acff350, 0x0000025d4ad35c80, 0x0000025d4ad3e620, 0x0000025d4ad41630,
0x0000025d4afce260, 0x0000025d4afcf7a0, 0x0000025d4bb62030, 0x0000025d27ad7f40,
0x0000025d4bb888e0, 0x0000025d4c2588b0, 0x0000025d50b31dc0
}

Java Threads: ( => current thread )
  0x0000025d46963030 JavaThread "Reference Handler" daemon [_thread_blocked, id=31640, stack(0x000000a9a5200000,0x000000a9a5300000)]
  0x0000025d46963c20 JavaThread "Finalizer" daemon [_thread_blocked, id=24908, stack(0x000000a9a5300000,0x000000a9a5400000)]
  0x0000025d4696a170 JavaThread "Attach Listener" daemon [_thread_blocked, id=22452, stack(0x000000a9a5500000,0x000000a9a5600000)]
  0x0000025d4696ab80 JavaThread "Service Thread" daemon [_thread_blocked, id=28748, stack(0x000000a9a5600000,0x000000a9a5700000)]
  0x0000025d4696d740 JavaThread "Monitor Deflation Thread" daemon [_thread_blocked, id=27936, stack(0x000000a9a5700000,0x000000a9a5800000)]
  0x0000025d4696e3a0 JavaThread "C2 CompilerThread0" daemon [_thread_blocked, id=17380, stack(0x000000a9a5800000,0x000000a9a5900000)]
  0x0000025d46977d30 JavaThread "C1 CompilerThread0" daemon [_thread_blocked, id=31456, stack(0x000000a9a5900000,0x000000a9a5a00000)]
  0x0000025d46981bc0 JavaThread "Sweeper thread" daemon [_thread_blocked, id=14280, stack(0x000000a9a5a00000,0x000000a9a5b00000)]
  0x0000025d4acff350 JavaThread "C1 CompilerThread1" daemon [_thread_blocked, id=13204, stack(0x000000a9a5b00000,0x000000a9a5c00000)]
  0x0000025d4ad35c80 JavaThread "JDWP Event Helper Thread" daemon [_thread_blocked, id=31336, stack(0x000000a9a5e00000,0x000000a9a5f00000)]
  0x0000025d4ad3e620 JavaThread "Notification Thread" daemon [_thread_blocked, id=21384, stack(0x000000a9a6000000,0x000000a9a6100000)]
  0x0000025d4ad41630 JavaThread "Common-Cleaner" daemon [_thread_blocked, id=12300, stack(0x000000a9a6200000,0x000000a9a6300000)]
  0x0000025d4afce260 JavaThread "Java2D Disposer" daemon [_thread_blocked, id=30952, stack(0x000000a9a6300000,0x000000a9a6400000)]
  0x0000025d4afcf7a0 JavaThread "AWT-Shutdown" [_thread_blocked, id=22152, stack(0x000000a9a6400000,0x000000a9a6500000)]
  0x0000025d4bb62030 JavaThread "AWT-EventQueue-0" [_thread_blocked, id=30352, stack(0x000000a9a6600000,0x000000a9a6700000)]
  0x0000025d27ad7f40 JavaThread "DestroyJavaVM" [_thread_blocked, id=22040, stack(0x000000a9a4b00000,0x000000a9a4c00000)]
  0x0000025d4bb888e0 JavaThread "org.netbeans.modules.debugger.jpda.visual AWT Access Loop" daemon [_thread_blocked, id=24356, stack(0x000000a9a6700000,0x000000a9a6800000)]
  0x0000025d4c2588b0 JavaThread "mysql-cj-abandoned-connection-cleanup" daemon [_thread_blocked, id=2368, stack(0x000000a9a7400000,0x000000a9a7500000)]
  0x0000025d50b31dc0 JavaThread "Thread-0" [_thread_blocked, id=34280, stack(0x000000a9a7900000,0x000000a9a7a00000)]

Other Threads:
=>0x0000025d46945ff0 VMThread "VM Thread" [stack: 0x000000a9a5100000,0x000000a9a5200000] [id=11700]
  0x0000025d27b331d0 WorkerThread "GC Thread#0" [stack: 0x000000a9a4c00000,0x000000a9a4d00000] [id=23924]
  0x0000025d50eec3c0 WorkerThread "GC Thread#1" [stack: 0x000000a9a6a00000,0x000000a9a6b00000] [id=25752]
  0x0000025d50eecf00 WorkerThread "GC Thread#2" [stack: 0x000000a9a6b00000,0x000000a9a6c00000] [id=27348]
  0x0000025d50eed4a0 WorkerThread "GC Thread#3" [stack: 0x000000a9a6c00000,0x000000a9a6d00000] [id=12108]
  0x0000025d50eebe20 WorkerThread "GC Thread#4" [stack: 0x000000a9a6d00000,0x000000a9a6e00000] [id=28372]
  0x0000025d50eeb880 WorkerThread "GC Thread#5" [stack: 0x000000a9a6e00000,0x000000a9a6f00000] [id=29600]
  0x0000025d50eec0f0 WorkerThread "GC Thread#6" [stack: 0x000000a9a6f00000,0x000000a9a7000000] [id=31236]
  0x0000025d50eec690 WorkerThread "GC Thread#7" [stack: 0x000000a9a7000000,0x000000a9a7100000] [id=13176]
  0x0000025d50eecc30 WorkerThread "GC Thread#8" [stack: 0x000000a9a7100000,0x000000a9a7200000] [id=17320]
  0x0000025d4bbcd140 WorkerThread "GC Thread#9" [stack: 0x000000a9a7200000,0x000000a9a7300000] [id=28388]
  0x0000025d4bbcbac0 WorkerThread "GC Thread#10" [stack: 0x000000a9a7800000,0x000000a9a7900000] [id=1460]
  0x0000025d4bbcdf50 WorkerThread "GC Thread#11" [stack: 0x000000a9a7d00000,0x000000a9a7e00000] [id=34048]
  0x0000025d4bbcb7f0 WorkerThread "GC Thread#12" [stack: 0x000000a9a7e00000,0x000000a9a7f00000] [id=13048]
  0x0000025d27b42e50 ConcurrentGCThread "G1 Main Marker" terminated
  0x0000025d27b44790 WorkerThread "G1 Conc#0" [stack: 0x000000a9a4e00000,0x000000a9a4f00000] [id=28856]
  0x0000025d468028b0 ConcurrentGCThread "G1 Refine#0" terminated
  0x0000025d46803200 ConcurrentGCThread "G1 Service" terminated

Threads with active compile tasks:

VM state: at safepoint (shutting down)

VM Mutex/Monitor currently owned by a thread:  ([mutex/lock_event])
[0x0000025d27ad2e10] Threads_lock - owner thread: 0x0000025d46945ff0
[0x0000025d27ad2f30] Heap_lock - owner thread: 0x0000025d4bb62030

Heap address: 0x0000000089c00000, size: 1892 MB, Compressed Oops mode: 32-bit

CDS archive(s) mapped at: [0x0000000800000000-0x0000000800c40000-0x0000000800c40000), size 12845056, SharedBaseAddress: 0x0000000800000000, ArchiveRelocationMode: 0.
Compressed class space mapped at: 0x0000000801000000-0x0000000841000000, reserved size: 1073741824
Narrow klass base: 0x0000000800000000, Narrow klass shift: 0, Narrow klass range: 0x100000000

GC Precious Log:
 CardTable entry size: 512
 Card Set container configuration: InlinePtr #cards 5 size 8 Array Of Cards #cards 12 size 40 Howl #buckets 4 coarsen threshold 1843 Howl Bitmap #cards 512 size 80 coarsen threshold 460 Card regions per heap region 1 cards per card region 2048
 CPUs: 16 total, 16 available
 Memory: 7561M
 Large Page Support: Disabled
 NUMA Support: Disabled
 Compressed Oops: Enabled (32-bit)
 Heap Region Size: 1M
 Heap Min Capacity: 8M
 Heap Initial Capacity: 120M
 Heap Max Capacity: 1892M
 Pre-touch: Disabled
 Parallel Workers: 13
 Concurrent Workers: 3
 Concurrent Refinement Workers: 13
 Periodic GC: Disabled

Heap:
 garbage-first heap   total 122880K, used 4911K [0x0000000089c00000, 0x0000000100000000)
  region size 1024K, 4 young (4096K), 3 survivors (3072K)
 Metaspace       used 14765K, committed 15040K, reserved 1114112K
  class space    used 1610K, committed 1728K, reserved 1048576K

Heap Regions: E=young(eden), S=young(survivor), O=old, HS=humongous(starts), HC=humongous(continues), CS=collection set, F=free, OA=open archive, CA=closed archive, TAMS=top-at-mark-start (previous, next)
|   0|0x0000000089c00000, 0x0000000089d00000, 0x0000000089d00000|100%| O|  |TAMS 0x0000000089c00000, 0x0000000089c00000| Untracked 
|   1|0x0000000089d00000, 0x0000000089dcbe00, 0x0000000089e00000| 79%| O|  |TAMS 0x0000000089d00000, 0x0000000089d00000| Untracked 
|   2|0x0000000089e00000, 0x0000000089e00000, 0x0000000089f00000|  0%| F|  |TAMS 0x0000000089e00000, 0x0000000089e00000| Untracked 
|   3|0x0000000089f00000, 0x0000000089f00000, 0x000000008a000000|  0%| F|  |TAMS 0x0000000089f00000, 0x0000000089f00000| Untracked 
|   4|0x000000008a000000, 0x000000008a000000, 0x000000008a100000|  0%| F|  |TAMS 0x000000008a000000, 0x000000008a000000| Untracked 
|   5|0x000000008a100000, 0x000000008a100000, 0x000000008a200000|  0%| F|  |TAMS 0x000000008a100000, 0x000000008a100000| Untracked 
|   6|0x000000008a200000, 0x000000008a200000, 0x000000008a300000|  0%| F|  |TAMS 0x000000008a200000, 0x000000008a200000| Untracked 
|   7|0x000000008a300000, 0x000000008a300000, 0x000000008a400000|  0%| F|  |TAMS 0x000000008a300000, 0x000000008a300000| Untracked 
|   8|0x000000008a400000, 0x000000008a400000, 0x000000008a500000|  0%| F|  |TAMS 0x000000008a400000, 0x000000008a400000| Untracked 
|   9|0x000000008a500000, 0x000000008a500000, 0x000000008a600000|  0%| F|  |TAMS 0x000000008a500000, 0x000000008a500000| Untracked 
|  10|0x000000008a600000, 0x000000008a600000, 0x000000008a700000|  0%| F|  |TAMS 0x000000008a600000, 0x000000008a600000| Untracked 
|  11|0x000000008a700000, 0x000000008a700000, 0x000000008a800000|  0%| F|  |TAMS 0x000000008a700000, 0x000000008a700000| Untracked 
|  12|0x000000008a800000, 0x000000008a800000, 0x000000008a900000|  0%| F|  |TAMS 0x000000008a800000, 0x000000008a800000| Untracked 
|  13|0x000000008a900000, 0x000000008a900000, 0x000000008aa00000|  0%| F|  |TAMS 0x000000008a900000, 0x000000008a900000| Untracked 
|  14|0x000000008aa00000, 0x000000008aa00000, 0x000000008ab00000|  0%| F|  |TAMS 0x000000008aa00000, 0x000000008aa00000| Untracked 
|  15|0x000000008ab00000, 0x000000008ab00000, 0x000000008ac00000|  0%| F|  |TAMS 0x000000008ab00000, 0x000000008ab00000| Untracked 
|  16|0x000000008ac00000, 0x000000008ac00000, 0x000000008ad00000|  0%| F|  |TAMS 0x000000008ac00000, 0x000000008ac00000| Untracked 
|  17|0x000000008ad00000, 0x000000008ad00000, 0x000000008ae00000|  0%| F|  |TAMS 0x000000008ad00000, 0x000000008ad00000| Untracked 
|  18|0x000000008ae00000, 0x000000008ae00000, 0x000000008af00000|  0%| F|  |TAMS 0x000000008ae00000, 0x000000008ae00000| Untracked 
|  19|0x000000008af00000, 0x000000008af00000, 0x000000008b000000|  0%| F|  |TAMS 0x000000008af00000, 0x000000008af00000| Untracked 
|  20|0x000000008b000000, 0x000000008b000000, 0x000000008b100000|  0%| F|  |TAMS 0x000000008b000000, 0x000000008b000000| Untracked 
|  21|0x000000008b100000, 0x000000008b100000, 0x000000008b200000|  0%| F|  |TAMS 0x000000008b100000, 0x000000008b100000| Untracked 
|  22|0x000000008b200000, 0x000000008b200000, 0x000000008b300000|  0%| F|  |TAMS 0x000000008b200000, 0x000000008b200000| Untracked 
|  23|0x000000008b300000, 0x000000008b300000, 0x000000008b400000|  0%| F|  |TAMS 0x000000008b300000, 0x000000008b300000| Untracked 
|  24|0x000000008b400000, 0x000000008b400000, 0x000000008b500000|  0%| F|  |TAMS 0x000000008b400000, 0x000000008b400000| Untracked 
|  25|0x000000008b500000, 0x000000008b500000, 0x000000008b600000|  0%| F|  |TAMS 0x000000008b500000, 0x000000008b500000| Untracked 
|  26|0x000000008b600000, 0x000000008b600000, 0x000000008b700000|  0%| F|  |TAMS 0x000000008b600000, 0x000000008b600000| Untracked 
|  27|0x000000008b700000, 0x000000008b700000, 0x000000008b800000|  0%| F|  |TAMS 0x000000008b700000, 0x000000008b700000| Untracked 
|  28|0x000000008b800000, 0x000000008b800000, 0x000000008b900000|  0%| F|  |TAMS 0x000000008b800000, 0x000000008b800000| Untracked 
|  29|0x000000008b900000, 0x000000008b900000, 0x000000008ba00000|  0%| F|  |TAMS 0x000000008b900000, 0x000000008b900000| Untracked 
|  30|0x000000008ba00000, 0x000000008ba00000, 0x000000008bb00000|  0%| F|  |TAMS 0x000000008ba00000, 0x000000008ba00000| Untracked 
|  31|0x000000008bb00000, 0x000000008bb00000, 0x000000008bc00000|  0%| F|  |TAMS 0x000000008bb00000, 0x000000008bb00000| Untracked 
|  32|0x000000008bc00000, 0x000000008bc00000, 0x000000008bd00000|  0%| F|  |TAMS 0x000000008bc00000, 0x000000008bc00000| Untracked 
|  33|0x000000008bd00000, 0x000000008bd00000, 0x000000008be00000|  0%| F|  |TAMS 0x000000008bd00000, 0x000000008bd00000| Untracked 
|  34|0x000000008be00000, 0x000000008be00000, 0x000000008bf00000|  0%| F|  |TAMS 0x000000008be00000, 0x000000008be00000| Untracked 
|  35|0x000000008bf00000, 0x000000008bf00000, 0x000000008c000000|  0%| F|  |TAMS 0x000000008bf00000, 0x000000008bf00000| Untracked 
|  36|0x000000008c000000, 0x000000008c000000, 0x000000008c100000|  0%| F|  |TAMS 0x000000008c000000, 0x000000008c000000| Untracked 
|  37|0x000000008c100000, 0x000000008c100000, 0x000000008c200000|  0%| F|  |TAMS 0x000000008c100000, 0x000000008c100000| Untracked 
|  38|0x000000008c200000, 0x000000008c200000, 0x000000008c300000|  0%| F|  |TAMS 0x000000008c200000, 0x000000008c200000| Untracked 
|  39|0x000000008c300000, 0x000000008c300000, 0x000000008c400000|  0%| F|  |TAMS 0x000000008c300000, 0x000000008c300000| Untracked 
|  40|0x000000008c400000, 0x000000008c400000, 0x000000008c500000|  0%| F|  |TAMS 0x000000008c400000, 0x000000008c400000| Untracked 
|  41|0x000000008c500000, 0x000000008c500000, 0x000000008c600000|  0%| F|  |TAMS 0x000000008c500000, 0x000000008c500000| Untracked 
|  42|0x000000008c600000, 0x000000008c600000, 0x000000008c700000|  0%| F|  |TAMS 0x000000008c600000, 0x000000008c600000| Untracked 
|  43|0x000000008c700000, 0x000000008c700000, 0x000000008c800000|  0%| F|  |TAMS 0x000000008c700000, 0x000000008c700000| Untracked 
|  44|0x000000008c800000, 0x000000008c800000, 0x000000008c900000|  0%| F|  |TAMS 0x000000008c800000, 0x000000008c800000| Untracked 
|  45|0x000000008c900000, 0x000000008c900000, 0x000000008ca00000|  0%| F|  |TAMS 0x000000008c900000, 0x000000008c900000| Untracked 
|  46|0x000000008ca00000, 0x000000008ca00000, 0x000000008cb00000|  0%| F|  |TAMS 0x000000008ca00000, 0x000000008ca00000| Untracked 
|  47|0x000000008cb00000, 0x000000008cb00000, 0x000000008cc00000|  0%| F|  |TAMS 0x000000008cb00000, 0x000000008cb00000| Untracked 
|  48|0x000000008cc00000, 0x000000008cc00000, 0x000000008cd00000|  0%| F|  |TAMS 0x000000008cc00000, 0x000000008cc00000| Untracked 
|  49|0x000000008cd00000, 0x000000008cd00000, 0x000000008ce00000|  0%| F|  |TAMS 0x000000008cd00000, 0x000000008cd00000| Untracked 
|  50|0x000000008ce00000, 0x000000008ce00000, 0x000000008cf00000|  0%| F|  |TAMS 0x000000008ce00000, 0x000000008ce00000| Untracked 
|  51|0x000000008cf00000, 0x000000008cf00000, 0x000000008d000000|  0%| F|  |TAMS 0x000000008cf00000, 0x000000008cf00000| Untracked 
|  52|0x000000008d000000, 0x000000008d000000, 0x000000008d100000|  0%| F|  |TAMS 0x000000008d000000, 0x000000008d000000| Untracked 
|  53|0x000000008d100000, 0x000000008d100000, 0x000000008d200000|  0%| F|  |TAMS 0x000000008d100000, 0x000000008d100000| Untracked 
|  54|0x000000008d200000, 0x000000008d200000, 0x000000008d300000|  0%| F|  |TAMS 0x000000008d200000, 0x000000008d200000| Untracked 
|  55|0x000000008d300000, 0x000000008d300000, 0x000000008d400000|  0%| F|  |TAMS 0x000000008d300000, 0x000000008d300000| Untracked 
|  56|0x000000008d400000, 0x000000008d400000, 0x000000008d500000|  0%| F|  |TAMS 0x000000008d400000, 0x000000008d400000| Untracked 
|  57|0x000000008d500000, 0x000000008d500000, 0x000000008d600000|  0%| F|  |TAMS 0x000000008d500000, 0x000000008d500000| Untracked 
|  58|0x000000008d600000, 0x000000008d600000, 0x000000008d700000|  0%| F|  |TAMS 0x000000008d600000, 0x000000008d600000| Untracked 
|  59|0x000000008d700000, 0x000000008d700000, 0x000000008d800000|  0%| F|  |TAMS 0x000000008d700000, 0x000000008d700000| Untracked 
|  60|0x000000008d800000, 0x000000008d800000, 0x000000008d900000|  0%| F|  |TAMS 0x000000008d800000, 0x000000008d800000| Untracked 
|  61|0x000000008d900000, 0x000000008d900000, 0x000000008da00000|  0%| F|  |TAMS 0x000000008d900000, 0x000000008d900000| Untracked 
|  62|0x000000008da00000, 0x000000008da00000, 0x000000008db00000|  0%| F|  |TAMS 0x000000008da00000, 0x000000008da00000| Untracked 
|  63|0x000000008db00000, 0x000000008db00000, 0x000000008dc00000|  0%| F|  |TAMS 0x000000008db00000, 0x000000008db00000| Untracked 
|  64|0x000000008dc00000, 0x000000008dc00000, 0x000000008dd00000|  0%| F|  |TAMS 0x000000008dc00000, 0x000000008dc00000| Untracked 
|  65|0x000000008dd00000, 0x000000008dd00000, 0x000000008de00000|  0%| F|  |TAMS 0x000000008dd00000, 0x000000008dd00000| Untracked 
|  66|0x000000008de00000, 0x000000008de00000, 0x000000008df00000|  0%| F|  |TAMS 0x000000008de00000, 0x000000008de00000| Untracked 
|  67|0x000000008df00000, 0x000000008df00000, 0x000000008e000000|  0%| F|  |TAMS 0x000000008df00000, 0x000000008df00000| Untracked 
|  68|0x000000008e000000, 0x000000008e000000, 0x000000008e100000|  0%| F|  |TAMS 0x000000008e000000, 0x000000008e000000| Untracked 
|  69|0x000000008e100000, 0x000000008e100000, 0x000000008e200000|  0%| F|  |TAMS 0x000000008e100000, 0x000000008e100000| Untracked 
|  70|0x000000008e200000, 0x000000008e200000, 0x000000008e300000|  0%| F|  |TAMS 0x000000008e200000, 0x000000008e200000| Untracked 
|  71|0x000000008e300000, 0x000000008e300000, 0x000000008e400000|  0%| F|  |TAMS 0x000000008e300000, 0x000000008e300000| Untracked 
|  72|0x000000008e400000, 0x000000008e400000, 0x000000008e500000|  0%| F|  |TAMS 0x000000008e400000, 0x000000008e400000| Untracked 
|  73|0x000000008e500000, 0x000000008e500000, 0x000000008e600000|  0%| F|  |TAMS 0x000000008e500000, 0x000000008e500000| Untracked 
|  74|0x000000008e600000, 0x000000008e600000, 0x000000008e700000|  0%| F|  |TAMS 0x000000008e600000, 0x000000008e600000| Untracked 
|  75|0x000000008e700000, 0x000000008e700000, 0x000000008e800000|  0%| F|  |TAMS 0x000000008e700000, 0x000000008e700000| Untracked 
|  76|0x000000008e800000, 0x000000008e800000, 0x000000008e900000|  0%| F|  |TAMS 0x000000008e800000, 0x000000008e800000| Untracked 
|  77|0x000000008e900000, 0x000000008e900000, 0x000000008ea00000|  0%| F|  |TAMS 0x000000008e900000, 0x000000008e900000| Untracked 
|  78|0x000000008ea00000, 0x000000008ea00000, 0x000000008eb00000|  0%| F|  |TAMS 0x000000008ea00000, 0x000000008ea00000| Untracked 
|  79|0x000000008eb00000, 0x000000008eb00000, 0x000000008ec00000|  0%| F|  |TAMS 0x000000008eb00000, 0x000000008eb00000| Untracked 
|  80|0x000000008ec00000, 0x000000008ec00000, 0x000000008ed00000|  0%| F|  |TAMS 0x000000008ec00000, 0x000000008ec00000| Untracked 
|  81|0x000000008ed00000, 0x000000008ed00000, 0x000000008ee00000|  0%| F|  |TAMS 0x000000008ed00000, 0x000000008ed00000| Untracked 
|  82|0x000000008ee00000, 0x000000008ee00000, 0x000000008ef00000|  0%| F|  |TAMS 0x000000008ee00000, 0x000000008ee00000| Untracked 
|  83|0x000000008ef00000, 0x000000008ef00000, 0x000000008f000000|  0%| F|  |TAMS 0x000000008ef00000, 0x000000008ef00000| Untracked 
|  84|0x000000008f000000, 0x000000008f000000, 0x000000008f100000|  0%| F|  |TAMS 0x000000008f000000, 0x000000008f000000| Untracked 
|  85|0x000000008f100000, 0x000000008f100000, 0x000000008f200000|  0%| F|  |TAMS 0x000000008f100000, 0x000000008f100000| Untracked 
|  86|0x000000008f200000, 0x000000008f200000, 0x000000008f300000|  0%| F|  |TAMS 0x000000008f200000, 0x000000008f200000| Untracked 
|  87|0x000000008f300000, 0x000000008f300000, 0x000000008f400000|  0%| F|  |TAMS 0x000000008f300000, 0x000000008f300000| Untracked 
|  88|0x000000008f400000, 0x000000008f400000, 0x000000008f500000|  0%| F|  |TAMS 0x000000008f400000, 0x000000008f400000| Untracked 
|  89|0x000000008f500000, 0x000000008f500000, 0x000000008f600000|  0%| F|  |TAMS 0x000000008f500000, 0x000000008f500000| Untracked 
|  90|0x000000008f600000, 0x000000008f600000, 0x000000008f700000|  0%| F|  |TAMS 0x000000008f600000, 0x000000008f600000| Untracked 
|  91|0x000000008f700000, 0x000000008f700000, 0x000000008f800000|  0%| F|  |TAMS 0x000000008f700000, 0x000000008f700000| Untracked 
|  92|0x000000008f800000, 0x000000008f800000, 0x000000008f900000|  0%| F|  |TAMS 0x000000008f800000, 0x000000008f800000| Untracked 
|  93|0x000000008f900000, 0x000000008f900000, 0x000000008fa00000|  0%| F|  |TAMS 0x000000008f900000, 0x000000008f900000| Untracked 
|  94|0x000000008fa00000, 0x000000008fb00000, 0x000000008fb00000|100%| S|CS|TAMS 0x000000008fa00000, 0x000000008fa00000| Complete 
|  95|0x000000008fb00000, 0x000000008fc00000, 0x000000008fc00000|100%| S|CS|TAMS 0x000000008fb00000, 0x000000008fb00000| Complete 
|  96|0x000000008fc00000, 0x000000008fd00000, 0x000000008fd00000|100%| S|CS|TAMS 0x000000008fc00000, 0x000000008fc00000| Complete 
|  97|0x000000008fd00000, 0x000000008fd00000, 0x000000008fe00000|  0%| F|  |TAMS 0x000000008fd00000, 0x000000008fd00000| Untracked 
|  98|0x000000008fe00000, 0x000000008fe00000, 0x000000008ff00000|  0%| F|  |TAMS 0x000000008fe00000, 0x000000008fe00000| Untracked 
|  99|0x000000008ff00000, 0x000000008ff00000, 0x0000000090000000|  0%| F|  |TAMS 0x000000008ff00000, 0x000000008ff00000| Untracked 
| 100|0x0000000090000000, 0x0000000090000000, 0x0000000090100000|  0%| F|  |TAMS 0x0000000090000000, 0x0000000090000000| Untracked 
| 101|0x0000000090100000, 0x0000000090100000, 0x0000000090200000|  0%| F|  |TAMS 0x0000000090100000, 0x0000000090100000| Untracked 
| 102|0x0000000090200000, 0x0000000090200000, 0x0000000090300000|  0%| F|  |TAMS 0x0000000090200000, 0x0000000090200000| Untracked 
| 103|0x0000000090300000, 0x0000000090300000, 0x0000000090400000|  0%| F|  |TAMS 0x0000000090300000, 0x0000000090300000| Untracked 
| 104|0x0000000090400000, 0x0000000090400000, 0x0000000090500000|  0%| F|  |TAMS 0x0000000090400000, 0x0000000090400000| Untracked 
| 105|0x0000000090500000, 0x0000000090500000, 0x0000000090600000|  0%| F|  |TAMS 0x0000000090500000, 0x0000000090500000| Untracked 
| 106|0x0000000090600000, 0x0000000090600000, 0x0000000090700000|  0%| F|  |TAMS 0x0000000090600000, 0x0000000090600000| Untracked 
| 107|0x0000000090700000, 0x0000000090700000, 0x0000000090800000|  0%| F|  |TAMS 0x0000000090700000, 0x0000000090700000| Untracked 
| 108|0x0000000090800000, 0x0000000090800000, 0x0000000090900000|  0%| F|  |TAMS 0x0000000090800000, 0x0000000090800000| Untracked 
| 109|0x0000000090900000, 0x0000000090900000, 0x0000000090a00000|  0%| F|  |TAMS 0x0000000090900000, 0x0000000090900000| Untracked 
| 110|0x0000000090a00000, 0x0000000090a00000, 0x0000000090b00000|  0%| F|  |TAMS 0x0000000090a00000, 0x0000000090a00000| Untracked 
| 111|0x0000000090b00000, 0x0000000090b00000, 0x0000000090c00000|  0%| F|  |TAMS 0x0000000090b00000, 0x0000000090b00000| Untracked 
| 112|0x0000000090c00000, 0x0000000090c00000, 0x0000000090d00000|  0%| F|  |TAMS 0x0000000090c00000, 0x0000000090c00000| Untracked 
| 113|0x0000000090d00000, 0x0000000090d00000, 0x0000000090e00000|  0%| F|  |TAMS 0x0000000090d00000, 0x0000000090d00000| Untracked 
| 114|0x0000000090e00000, 0x0000000090e00000, 0x0000000090f00000|  0%| F|  |TAMS 0x0000000090e00000, 0x0000000090e00000| Untracked 
| 115|0x0000000090f00000, 0x0000000090f00000, 0x0000000091000000|  0%| F|  |TAMS 0x0000000090f00000, 0x0000000090f00000| Untracked 
| 116|0x0000000091000000, 0x0000000091000000, 0x0000000091100000|  0%| F|  |TAMS 0x0000000091000000, 0x0000000091000000| Untracked 
| 117|0x0000000091100000, 0x0000000091100000, 0x0000000091200000|  0%| F|  |TAMS 0x0000000091100000, 0x0000000091100000| Untracked 
| 118|0x0000000091200000, 0x0000000091200000, 0x0000000091300000|  0%| F|  |TAMS 0x0000000091200000, 0x0000000091200000| Untracked 
| 119|0x0000000091300000, 0x0000000091400000, 0x0000000091400000|100%| E|  |TAMS 0x0000000091300000, 0x0000000091300000| Complete 

Card table byte_map: [0x0000025d3f670000,0x0000025d3fa30000] _byte_map_base: 0x0000025d3f222000

Marking Bits (Prev, Next): (CMBitMap*) 0x0000025d27b33700, (CMBitMap*) 0x0000025d27b33740
 Prev Bits: [0x0000025d3fdf0000, 0x0000025d41b80000)
 Next Bits: [0x0000025d41b80000, 0x0000025d43910000)

Polling page: 0x0000025d27290000

Metaspace:

Usage:
  Non-class:     12.85 MB used.
      Class:      1.57 MB used.
       Both:     14.42 MB used.

Virtual space:
  Non-class space:       64.00 MB reserved,      13.00 MB ( 20%) committed,  1 nodes.
      Class space:        1.00 GB reserved,       1.69 MB ( <1%) committed,  1 nodes.
             Both:        1.06 GB reserved,      14.69 MB (  1%) committed. 

Chunk freelists:
   Non-Class:  2.37 MB
       Class:  2.15 MB
        Both:  4.52 MB

MaxMetaspaceSize: unlimited
CompressedClassSpaceSize: 1.00 GB
Initial GC threshold: 21.00 MB
Current GC threshold: 21.00 MB
CDS: on
MetaspaceReclaimPolicy: balanced
 - commit_granule_bytes: 65536.
 - commit_granule_words: 8192.
 - virtual_space_node_default_size: 8388608.
 - enlarge_chunks_in_place: 1.
 - new_chunks_are_fully_committed: 0.
 - uncommit_free_chunks: 1.
 - use_allocation_guard: 0.


Internal statistics:

num_allocs_failed_limit: 0.
num_arena_births: 204.
num_arena_deaths: 0.
num_vsnodes_births: 2.
num_vsnodes_deaths: 0.
num_space_committed: 235.
num_space_uncommitted: 0.
num_chunks_returned_to_freelist: 0.
num_chunks_taken_from_freelist: 377.
num_chunk_merges: 0.
num_chunk_splits: 261.
num_chunks_enlarged: 189.
num_inconsistent_stats: 0.

CodeHeap 'non-profiled nmethods': size=119168Kb used=541Kb max_used=541Kb free=118627Kb
 bounds [0x0000025d375d0000, 0x0000025d37840000, 0x0000025d3ea30000]
CodeHeap 'profiled nmethods': size=119104Kb used=3276Kb max_used=3276Kb free=115827Kb
 bounds [0x0000025d2fa30000, 0x0000025d2fd70000, 0x0000025d36e80000]
CodeHeap 'non-nmethods': size=7488Kb used=2085Kb max_used=3206Kb free=5402Kb
 bounds [0x0000025d36e80000, 0x0000025d371b0000, 0x0000025d375d0000]
 total_blobs=2530 nmethods=1800 adapters=640
 compilation: enabled
              stopped_count=0, restarted_count=0
 full_count=0

Compilation events (20 events):
Event: 5.989 Thread 0x0000025d4acff350 nmethod 1787 0x0000025d2fd5df90 code [0x0000025d2fd5e160, 0x0000025d2fd5e578]
Event: 5.989 Thread 0x0000025d4acff350 1788       3       sun.invoke.util.Wrapper::isIntegral (23 bytes)
Event: 5.989 Thread 0x0000025d4acff350 nmethod 1788 0x0000025d2fd5e690 code [0x0000025d2fd5e840, 0x0000025d2fd5ea98]
Event: 5.989 Thread 0x0000025d4acff350 1789       3       sun.invoke.util.Wrapper::isNumeric (16 bytes)
Event: 5.989 Thread 0x0000025d4acff350 nmethod 1789 0x0000025d2fd5eb90 code [0x0000025d2fd5ed20, 0x0000025d2fd5ee98]
Event: 5.991 Thread 0x0000025d46977d30 nmethod 1786 0x0000025d2fd5ef10 code [0x0000025d2fd5f2e0, 0x0000025d2fd60be8]
Event: 6.064 Thread 0x0000025d46977d30 1793       1       java.awt.image.SampleModel::getNumBands (5 bytes)
Event: 6.064 Thread 0x0000025d46977d30 nmethod 1793 0x0000025d37656610 code [0x0000025d376567a0, 0x0000025d37656858]
Event: 6.064 Thread 0x0000025d46977d30 1794       3       java.util.concurrent.locks.ReentrantLock::unlock (10 bytes)
Event: 6.065 Thread 0x0000025d4acff350 1795       3       java.lang.ref.Reference::enqueueFromPending (19 bytes)
Event: 6.065 Thread 0x0000025d46977d30 nmethod 1794 0x0000025d2fd61410 code [0x0000025d2fd615e0, 0x0000025d2fd618b8]
Event: 6.065 Thread 0x0000025d46977d30 1796       3       java.lang.ref.ReferenceQueue::enqueue0 (98 bytes)
Event: 6.065 Thread 0x0000025d4acff350 nmethod 1795 0x0000025d2fd61a10 code [0x0000025d2fd61bc0, 0x0000025d2fd61de8]
Event: 6.065 Thread 0x0000025d4acff350 1798   !   3       java.lang.ref.NativeReferenceQueue::enqueue (20 bytes)
Event: 6.066 Thread 0x0000025d46977d30 nmethod 1796 0x0000025d2fd61e90 code [0x0000025d2fd62080, 0x0000025d2fd626e8]
Event: 6.066 Thread 0x0000025d46977d30 1799       3       java.lang.ref.NativeReferenceQueue::signal (8 bytes)
Event: 6.066 Thread 0x0000025d4acff350 nmethod 1798 0x0000025d2fd62810 code [0x0000025d2fd629c0, 0x0000025d2fd62c08]
Event: 6.066 Thread 0x0000025d46977d30 nmethod 1799 0x0000025d2fd62d90 code [0x0000025d2fd62f40, 0x0000025d2fd63088]
Event: 6.170 Thread 0x0000025d46977d30 1801       1       sun.java2d.SurfaceData::getSurfaceType (5 bytes)
Event: 6.170 Thread 0x0000025d46977d30 nmethod 1801 0x0000025d37657110 code [0x0000025d376572a0, 0x0000025d37657358]

GC Heap History (2 events):
Event: 6.044 GC heap before
{Heap before GC invocations=0 (full 0):
 garbage-first heap   total 122880K, used 22528K [0x0000000089c00000, 0x0000000100000000)
  region size 1024K, 23 young (23552K), 0 survivors (0K)
 Metaspace       used 14761K, committed 15040K, reserved 1114112K
  class space    used 1610K, committed 1728K, reserved 1048576K
}
Event: 6.063 GC heap after
{Heap after GC invocations=1 (full 0):
 garbage-first heap   total 122880K, used 4911K [0x0000000089c00000, 0x0000000100000000)
  region size 1024K, 3 young (3072K), 3 survivors (3072K)
 Metaspace       used 14761K, committed 15040K, reserved 1114112K
  class space    used 1610K, committed 1728K, reserved 1048576K
}

Dll operation events (19 events):
Event: 0.018 Loaded shared library C:\Program Files\JAVA\jdk-19\bin\java.dll
Event: 0.030 Loaded shared library C:\Program Files\JAVA\jdk-19\bin\jsvml.dll
Event: 0.407 Loaded shared library C:\Program Files\JAVA\jdk-19\bin\jimage.dll
Event: 0.423 Loaded shared library C:\Program Files\JAVA\jdk-19\bin\net.dll
Event: 0.425 Loaded shared library C:\Program Files\JAVA\jdk-19\bin\nio.dll
Event: 0.432 Loaded shared library C:\Program Files\JAVA\jdk-19\bin\zip.dll
Event: 0.488 Loaded shared library C:\Program Files\JAVA\jdk-19\bin\awt.dll
Event: 0.763 Loaded shared library C:\Program Files\JAVA\jdk-19\bin\freetype.dll
Event: 0.765 Loaded shared library C:\Program Files\JAVA\jdk-19\bin\fontmanager.dll
Event: 1.810 Loaded shared library C:\Program Files\JAVA\jdk-19\bin\extnet.dll
Event: 2.213 Loaded shared library C:\Program Files\JAVA\jdk-19\bin\verify.dll
Event: 2.317 Loaded shared library C:\Users\HARSHIT\AppData\Local\Temp\javacpp790416210974800\msvcr100.dll
Event: 2.337 Loaded shared library C:\Users\HARSHIT\AppData\Local\Temp\javacpp790416210974800\msvcp100.dll
Event: 2.572 Loaded shared library C:\Users\HARSHIT\AppData\Local\Temp\javacpp790416210974800\opencv_ffmpeg248_64.dll
Event: 2.644 Loaded shared library C:\Users\HARSHIT\AppData\Local\Temp\javacpp790416210974800\opencv_core248.dll
Event: 2.703 Loaded shared library C:\Users\HARSHIT\AppData\Local\Temp\javacpp790416210974800\opencv_imgproc248.dll
Event: 2.765 Loaded shared library C:\Users\HARSHIT\AppData\Local\Temp\javacpp790416210974800\opencv_highgui248.dll
Event: 2.775 Loaded shared library C:\Users\HARSHIT\AppData\Local\Temp\javacpp790416210974800\jniopencv_highgui.dll
Event: 4.571 Loaded shared library C:\Users\HARSHIT\AppData\Local\Temp\javacpp790416210974800\jniopencv_core.dll

Deoptimization events (20 events):
Event: 4.611 Thread 0x0000025d50b31dc0 DEOPT PACKING pc=0x0000025d3764a2c0 sp=0x000000a9a79f5fc0
Event: 4.611 Thread 0x0000025d50b31dc0 DEOPT UNPACKING pc=0x0000025d36ee6da3 sp=0x000000a9a79f5f48 mode 2
Event: 4.611 Thread 0x0000025d50b31dc0 Uncommon trap: trap_request=0xffffffde fr.pc=0x0000025d3764a2c0 relative=0x0000000000000120
Event: 4.611 Thread 0x0000025d50b31dc0 Uncommon trap: reason=class_check action=maybe_recompile pc=0x0000025d3764a2c0 method=jdk.internal.misc.Unsafe.allocateUninitializedArray(Ljava/lang/Class;I)Ljava/lang/Object; @ 51 c2
Event: 4.611 Thread 0x0000025d50b31dc0 DEOPT PACKING pc=0x0000025d3764a2c0 sp=0x000000a9a79f5fc0
Event: 4.611 Thread 0x0000025d50b31dc0 DEOPT UNPACKING pc=0x0000025d36ee6da3 sp=0x000000a9a79f5f48 mode 2
Event: 4.611 Thread 0x0000025d50b31dc0 Uncommon trap: trap_request=0xffffffde fr.pc=0x0000025d3764a2c0 relative=0x0000000000000120
Event: 4.611 Thread 0x0000025d50b31dc0 Uncommon trap: reason=class_check action=maybe_recompile pc=0x0000025d3764a2c0 method=jdk.internal.misc.Unsafe.allocateUninitializedArray(Ljava/lang/Class;I)Ljava/lang/Object; @ 51 c2
Event: 4.611 Thread 0x0000025d50b31dc0 DEOPT PACKING pc=0x0000025d3764a2c0 sp=0x000000a9a79f5fc0
Event: 4.611 Thread 0x0000025d50b31dc0 DEOPT UNPACKING pc=0x0000025d36ee6da3 sp=0x000000a9a79f5f48 mode 2
Event: 4.611 Thread 0x0000025d50b31dc0 Uncommon trap: trap_request=0xffffffde fr.pc=0x0000025d3764a2c0 relative=0x0000000000000120
Event: 4.611 Thread 0x0000025d50b31dc0 Uncommon trap: reason=class_check action=maybe_recompile pc=0x0000025d3764a2c0 method=jdk.internal.misc.Unsafe.allocateUninitializedArray(Ljava/lang/Class;I)Ljava/lang/Object; @ 51 c2
Event: 4.611 Thread 0x0000025d50b31dc0 DEOPT PACKING pc=0x0000025d3764a2c0 sp=0x000000a9a79f5fc0
Event: 4.611 Thread 0x0000025d50b31dc0 DEOPT UNPACKING pc=0x0000025d36ee6da3 sp=0x000000a9a79f5f48 mode 2
Event: 5.112 Thread 0x0000025d50b31dc0 DEOPT PACKING pc=0x0000025d2fd512d2 sp=0x000000a9a79fef00
Event: 5.112 Thread 0x0000025d50b31dc0 DEOPT UNPACKING pc=0x0000025d36ee7543 sp=0x000000a9a79fe3f8 mode 0
Event: 6.064 Thread 0x0000025d46963030 Uncommon trap: trap_request=0xffffff45 fr.pc=0x0000025d37653720 relative=0x0000000000000180
Event: 6.064 Thread 0x0000025d46963030 Uncommon trap: reason=unstable_if action=reinterpret pc=0x0000025d37653720 method=java.util.concurrent.locks.AbstractQueuedSynchronizer.signalNext(Ljava/util/concurrent/locks/AbstractQueuedSynchronizer$Node;)V @ 17 c2
Event: 6.064 Thread 0x0000025d46963030 DEOPT PACKING pc=0x0000025d37653720 sp=0x000000a9a52ff4c0
Event: 6.064 Thread 0x0000025d46963030 DEOPT UNPACKING pc=0x0000025d36ee6da3 sp=0x000000a9a52ff3c0 mode 2

Classes loaded (20 events):
Event: 5.976 Loading class java/lang/ProcessEnvironment$CheckedEntry
Event: 5.976 Loading class java/lang/ProcessEnvironment$CheckedEntry done
Event: 5.990 Loading class java/lang/ProcessHandleImpl
Event: 5.991 Loading class java/lang/ProcessHandle
Event: 5.991 Loading class java/lang/ProcessHandle done
Event: 5.991 Loading class java/lang/ProcessHandleImpl done
Event: 5.994 Loading class java/util/concurrent/SynchronousQueue
Event: 5.995 Loading class java/util/concurrent/SynchronousQueue done
Event: 5.995 Loading class java/util/concurrent/SynchronousQueue$TransferStack
Event: 5.995 Loading class java/util/concurrent/SynchronousQueue$Transferer
Event: 5.995 Loading class java/util/concurrent/SynchronousQueue$Transferer done
Event: 5.995 Loading class java/util/concurrent/SynchronousQueue$TransferStack done
Event: 5.995 Loading class java/util/concurrent/SynchronousQueue$TransferStack$SNode
Event: 5.995 Loading class java/util/concurrent/SynchronousQueue$TransferStack$SNode done
Event: 5.996 Loading class java/lang/ProcessImpl$2
Event: 5.996 Loading class java/lang/ProcessImpl$2 done
Event: 5.996 Loading class java/lang/Process$PipeInputStream
Event: 5.996 Loading class java/lang/Process$PipeInputStream done
Event: 5.996 Loading class jdk/internal/event/ProcessStartEvent
Event: 5.996 Loading class jdk/internal/event/ProcessStartEvent done

Classes unloaded (0 events):
No events

Classes redefined (0 events):
No events

Internal exceptions (20 events):
Event: 1.276 Thread 0x0000025d4bb62030 Exception <a 'java/lang/NoSuchMethodError'{0x0000000090dc9168}: 'int java.lang.invoke.Invokers$Holder.invokeExact_MT(java.lang.Object, java.lang.Object)'> (0x0000000090dc9168) 
thrown [s\open\src\hotspot\share\interpreter\linkResolver.cpp, line 774]
Event: 1.295 Thread 0x0000025d4bb62030 Exception <a 'java/lang/NoSuchMethodError'{0x0000000090ddd8d8}: 'java.lang.Object java.lang.invoke.DirectMethodHandle$Holder.newInvokeSpecial(java.lang.Object, java.lang.Object, int)'> (0x0000000090ddd8d8) 
thrown [s\open\src\hotspot\share\interpreter\linkResolver.cpp, line 774]
Event: 1.297 Thread 0x0000025d4bb62030 Exception <a 'java/lang/NoSuchMethodError'{0x0000000090de2b20}: 'int java.lang.invoke.DirectMethodHandle$Holder.invokeSpecial(java.lang.Object, java.lang.Object, java.lang.Object, int)'> (0x0000000090de2b20) 
thrown [s\open\src\hotspot\share\interpreter\linkResolver.cpp, line 774]
Event: 1.300 Thread 0x0000025d4bb62030 Exception <a 'java/lang/NoSuchMethodError'{0x0000000090c09de0}: 'java.lang.Object java.lang.invoke.DirectMethodHandle$Holder.invokeStatic(java.lang.Object, java.lang.Object, java.lang.Object, java.lang.Object, int)'> (0x0000000090c09de0) 
thrown [s\open\src\hotspot\share\interpreter\linkResolver.cpp, line 774]
Event: 1.303 Thread 0x0000025d4bb62030 Exception <a 'java/lang/NoSuchMethodError'{0x0000000090c15ef8}: 'int java.lang.invoke.DirectMethodHandle$Holder.invokeSpecial(java.lang.Object, java.lang.Object, java.lang.Object)'> (0x0000000090c15ef8) 
thrown [s\open\src\hotspot\share\interpreter\linkResolver.cpp, line 774]
Event: 1.336 Thread 0x0000025d4afd6530 Exception <a 'java/lang/NoSuchMethodError'{0x0000000090f0f8f8}: 'void java.lang.invoke.DirectMethodHandle$Holder.invokeVirtual(java.lang.Object, java.lang.Object)'> (0x0000000090f0f8f8) 
thrown [s\open\src\hotspot\share\interpreter\linkResolver.cpp, line 774]
Event: 1.365 Thread 0x0000025d4bb62030 Exception <a 'java/lang/NoSuchMethodError'{0x0000000090c571b0}: 'void java.lang.invoke.DirectMethodHandle$Holder.invokeStaticInit(java.lang.Object)'> (0x0000000090c571b0) 
thrown [s\open\src\hotspot\share\interpreter\linkResolver.cpp, line 774]
Event: 1.557 Thread 0x0000025d4bb62030 Exception <a 'java/lang/NoSuchMethodError'{0x0000000090bb8970}: 'java.lang.Object java.lang.invoke.DirectMethodHandle$Holder.invokeInterface(java.lang.Object, java.lang.Object)'> (0x0000000090bb8970) 
thrown [s\open\src\hotspot\share\interpreter\linkResolver.cpp, line 774]
Event: 1.594 Thread 0x0000025d4bb62030 Exception <a 'java/lang/NoSuchMethodError'{0x0000000090a34bf0}: 'void java.lang.invoke.DirectMethodHandle$Holder.invokeStatic(java.lang.Object, java.lang.Object, java.lang.Object)'> (0x0000000090a34bf0) 
thrown [s\open\src\hotspot\share\interpreter\linkResolver.cpp, line 774]
Event: 1.596 Thread 0x0000025d4bb62030 Exception <a 'java/lang/NoSuchMethodError'{0x0000000090a3edd8}: 'java.lang.Object java.lang.invoke.DirectMethodHandle$Holder.invokeVirtual(java.lang.Object, java.lang.Object, java.lang.Object)'> (0x0000000090a3edd8) 
thrown [s\open\src\hotspot\share\interpreter\linkResolver.cpp, line 774]
Event: 1.813 Thread 0x0000025d4bb62030 Exception <a 'java/lang/NoSuchMethodError'{0x00000000907471a8}: 'void java.lang.invoke.DirectMethodHandle$Holder.invokeStatic(java.lang.Object, java.lang.Object)'> (0x00000000907471a8) 
thrown [s\open\src\hotspot\share\interpreter\linkResolver.cpp, line 774]
Event: 2.128 Thread 0x0000025d4bb62030 Exception <a 'java/lang/NoSuchMethodError'{0x0000000090226ad8}: 'int java.lang.invoke.DirectMethodHandle$Holder.invokeStatic(java.lang.Object)'> (0x0000000090226ad8) 
thrown [s\open\src\hotspot\share\interpreter\linkResolver.cpp, line 774]
Event: 2.222 Thread 0x0000025d50b31dc0 Exception <a 'java/lang/NoSuchMethodError'{0x0000000090145580}: 'int java.lang.invoke.DirectMethodHandle$Holder.invokeStaticInit(java.lang.Object, java.lang.Object, java.lang.Object, java.lang.Object)'> (0x0000000090145580) 
thrown [s\open\src\hotspot\share\interpreter\linkResolver.cpp, line 774]
Event: 2.224 Thread 0x0000025d50b31dc0 Exception <a 'java/lang/IncompatibleClassChangeError'{0x000000009014e6b8}: Found class java.lang.Object, but interface was expected> (0x000000009014e6b8) 
thrown [s\open\src\hotspot\share\interpreter\linkResolver.cpp, line 841]
Event: 2.224 Thread 0x0000025d50b31dc0 Exception <a 'java/lang/NoSuchMethodError'{0x0000000090151648}: 'void java.lang.invoke.DirectMethodHandle$Holder.invokeStaticInit(java.lang.Object, java.lang.Object)'> (0x0000000090151648) 
thrown [s\open\src\hotspot\share\interpreter\linkResolver.cpp, line 774]
Event: 2.225 Thread 0x0000025d50b31dc0 Exception <a 'java/lang/NoSuchMethodError'{0x0000000090157480}: 'int java.lang.invoke.DirectMethodHandle$Holder.invokeStaticInit(java.lang.Object, java.lang.Object)'> (0x0000000090157480) 
thrown [s\open\src\hotspot\share\interpreter\linkResolver.cpp, line 774]
Event: 5.988 Thread 0x0000025d50b30dd0 Exception <a 'java/lang/NoSuchMethodError'{0x000000008fd64f38}: 'void java.lang.invoke.DirectMethodHandle$Holder.invokeStatic(java.lang.Object, long)'> (0x000000008fd64f38) 
thrown [s\open\src\hotspot\share\interpreter\linkResolver.cpp, line 774]
Event: 5.990 Thread 0x0000025d50b30dd0 Exception <a 'java/lang/NoSuchMethodError'{0x000000008fd6a2e8}: 'java.lang.Object java.lang.invoke.DirectMethodHandle$Holder.newInvokeSpecial(java.lang.Object, long)'> (0x000000008fd6a2e8) 
thrown [s\open\src\hotspot\share\interpreter\linkResolver.cpp, line 774]
Event: 5.993 Thread 0x0000025d50b30dd0 Exception <a 'java/lang/NoSuchMethodError'{0x000000008fd71198}: 'java.lang.Object java.lang.invoke.DirectMethodHandle$Holder.invokeStatic(java.lang.Object, long, java.lang.Object)'> (0x000000008fd71198) 
thrown [s\open\src\hotspot\share\interpreter\linkResolver.cpp, line 774]
Event: 5.994 Thread 0x0000025d50b30dd0 Exception <a 'java/lang/NoSuchMethodError'{0x000000008fd747e8}: 'java.lang.Object java.lang.invoke.DirectMethodHandle$Holder.invokeStaticInit(java.lang.Object, long, java.lang.Object)'> (0x000000008fd747e8) 
thrown [s\open\src\hotspot\share\interpreter\linkResolver.cpp, line 774]

VM Operations (20 events):
Event: 1.948 Executing VM operation: Cleanup done
Event: 2.205 Executing VM operation: HandshakeAllThreads
Event: 2.205 Executing VM operation: HandshakeAllThreads done
Event: 2.227 Executing VM operation: HandshakeAllThreads
Event: 2.227 Executing VM operation: HandshakeAllThreads done
Event: 2.263 Executing VM operation: HandshakeAllThreads
Event: 2.263 Executing VM operation: HandshakeAllThreads done
Event: 3.262 Executing VM operation: Cleanup
Event: 3.263 Executing VM operation: Cleanup done
Event: 4.268 Executing VM operation: Cleanup
Event: 4.268 Executing VM operation: Cleanup done
Event: 5.277 Executing VM operation: Cleanup
Event: 5.277 Executing VM operation: Cleanup done
Event: 5.974 Executing VM operation: HandshakeAllThreads
Event: 5.974 Executing VM operation: HandshakeAllThreads done
Event: 6.044 Executing VM operation: G1CollectForAllocation
Event: 6.064 Executing VM operation: G1CollectForAllocation done
Event: 6.066 Executing VM operation: Cleanup
Event: 6.066 Executing VM operation: Cleanup done
Event: 6.180 Executing VM operation: Exit

Events (20 events):
Event: 1.574 Thread 0x0000025d4c2a9310 Thread added: 0x0000025d4c2a9310
Event: 1.810 Thread 0x0000025d4c2a9310 Thread exited: 0x0000025d4c2a9310
Event: 1.884 Thread 0x0000025d50b7ef20 Thread added: 0x0000025d50b7ef20
Event: 2.053 Thread 0x0000025d50b38770 Thread added: 0x0000025d50b38770
Event: 2.137 Thread 0x0000025d50b31870 Thread added: 0x0000025d50b31870
Event: 2.210 Thread 0x0000025d50b31dc0 Thread added: 0x0000025d50b31dc0
Event: 2.644 Thread 0x0000025d50b7ef20 Thread exited: 0x0000025d50b7ef20
Event: 3.468 Thread 0x0000025d50b38770 Thread exited: 0x0000025d50b38770
Event: 3.468 Thread 0x0000025d4ad0dd20 Thread exited: 0x0000025d4ad0dd20
Event: 5.971 Thread 0x0000025d50b30dd0 Thread added: 0x0000025d50b30dd0
Event: 5.972 Thread 0x0000025d4be959e0 Thread added: 0x0000025d4be959e0
Event: 5.972 Thread 0x0000025d4be93f50 Thread added: 0x0000025d4be93f50
Event: 5.973 Thread 0x0000025d4be959e0 Thread exited: 0x0000025d4be959e0
Event: 5.973 Thread 0x0000025d50b31870 Thread exited: 0x0000025d50b31870
Event: 5.996 Thread 0x0000025d50b30dd0 Thread exited: 0x0000025d50b30dd0
Event: 6.084 Thread 0x0000025d4afd6530 Thread exited: 0x0000025d4afd6530
Event: 6.175 Thread 0x0000025d4be93f50 Thread exited: 0x0000025d4be93f50
Event: 6.179 Thread 0x0000025d46964810 Thread exited: 0x0000025d46964810
Event: 6.180 Thread 0x0000025d4ad361d0 Thread exited: 0x0000025d4ad361d0
Event: 6.180 Thread 0x0000025d4ad1d750 Thread exited: 0x0000025d4ad1d750


Dynamic libraries:
0x00007ff63cde0000 - 0x00007ff63cdf0000 	C:\Program Files\JAVA\jdk-19\bin\java.exe
0x00007ff9faa70000 - 0x00007ff9fac87000 	C:\WINDOWS\SYSTEM32\ntdll.dll
0x00007ff9f8c20000 - 0x00007ff9f8ce4000 	C:\WINDOWS\System32\KERNEL32.DLL
0x00007ff9f7ee0000 - 0x00007ff9f828e000 	C:\WINDOWS\System32\KERNELBASE.dll
0x00007ff9f8330000 - 0x00007ff9f8441000 	C:\WINDOWS\System32\ucrtbase.dll
0x00007ff9e9e90000 - 0x00007ff9e9ea8000 	C:\Program Files\JAVA\jdk-19\bin\jli.dll
0x00007ff9e2770000 - 0x00007ff9e278b000 	C:\Program Files\JAVA\jdk-19\bin\VCRUNTIME140.dll
0x00007ff9f9d20000 - 0x00007ff9f9dd2000 	C:\WINDOWS\System32\ADVAPI32.dll
0x00007ff9fa7a0000 - 0x00007ff9fa847000 	C:\WINDOWS\System32\msvcrt.dll
0x00007ff9f9de0000 - 0x00007ff9f9e88000 	C:\WINDOWS\System32\sechost.dll
0x00007ff9f7d90000 - 0x00007ff9f7db8000 	C:\WINDOWS\System32\bcrypt.dll
0x00007ff9fa570000 - 0x00007ff9fa685000 	C:\WINDOWS\System32\RPCRT4.dll
0x00007ff9fa850000 - 0x00007ff9fa9fe000 	C:\WINDOWS\System32\USER32.dll
0x00007ff9e2940000 - 0x00007ff9e2bd3000 	C:\WINDOWS\WinSxS\amd64_microsoft.windows.common-controls_6595b64144ccf1df_6.0.22621.3566_none_27125e8b73837631\COMCTL32.dll
0x00007ff9f8290000 - 0x00007ff9f82b6000 	C:\WINDOWS\System32\win32u.dll
0x00007ff9f8950000 - 0x00007ff9f8979000 	C:\WINDOWS\System32\GDI32.dll
0x00007ff9f8450000 - 0x00007ff9f8569000 	C:\WINDOWS\System32\gdi32full.dll
0x00007ff9f7dc0000 - 0x00007ff9f7e5a000 	C:\WINDOWS\System32\msvcp_win.dll
0x00007ff9efe40000 - 0x00007ff9efe4a000 	C:\WINDOWS\SYSTEM32\VERSION.dll
0x00007ff9f8be0000 - 0x00007ff9f8c11000 	C:\WINDOWS\System32\IMM32.DLL
0x00007ff9e9f60000 - 0x00007ff9e9f6c000 	C:\Program Files\JAVA\jdk-19\bin\vcruntime140_1.dll
0x00007ff9c9a20000 - 0x00007ff9c9aae000 	C:\Program Files\JAVA\jdk-19\bin\msvcp140.dll
0x00007ff9b1d90000 - 0x00007ff9b2a50000 	C:\Program Files\JAVA\jdk-19\bin\server\jvm.dll
0x00007ff9eeec0000 - 0x00007ff9eeef4000 	C:\WINDOWS\SYSTEM32\WINMM.dll
0x00007ff9ea660000 - 0x00007ff9ea669000 	C:\WINDOWS\SYSTEM32\WSOCK32.dll
0x00007ff9fa720000 - 0x00007ff9fa791000 	C:\WINDOWS\System32\WS2_32.dll
0x00007ff9f6d50000 - 0x00007ff9f6d68000 	C:\WINDOWS\SYSTEM32\kernel.appcore.dll
0x00007ff9e9df0000 - 0x00007ff9e9dfa000 	C:\Program Files\JAVA\jdk-19\bin\jimage.dll
0x00007ff9f57c0000 - 0x00007ff9f59f2000 	C:\WINDOWS\SYSTEM32\DBGHELP.DLL
0x00007ff9f9e90000 - 0x00007ff9fa218000 	C:\WINDOWS\System32\combase.dll
0x00007ff9f9b40000 - 0x00007ff9f9c17000 	C:\WINDOWS\System32\OLEAUT32.dll
0x00007ff9ea100000 - 0x00007ff9ea132000 	C:\WINDOWS\SYSTEM32\dbgcore.DLL
0x00007ff9f7e60000 - 0x00007ff9f7ed9000 	C:\WINDOWS\System32\bcryptPrimitives.dll
0x00007ff9d6d70000 - 0x00007ff9d6dac000 	C:\Program Files\JAVA\jdk-19\bin\jdwp.dll
0x00007ff9d8070000 - 0x00007ff9d8096000 	C:\Program Files\JAVA\jdk-19\bin\java.dll
0x00007ff9d1aa0000 - 0x00007ff9d1b77000 	C:\Program Files\JAVA\jdk-19\bin\jsvml.dll
0x00007ff9f9170000 - 0x00007ff9f99d0000 	C:\WINDOWS\System32\SHELL32.dll
0x00007ff9f5cd0000 - 0x00007ff9f65ca000 	C:\WINDOWS\SYSTEM32\windows.storage.dll
0x00007ff9f5b90000 - 0x00007ff9f5ccf000 	C:\WINDOWS\SYSTEM32\wintypes.dll
0x00007ff9f9a30000 - 0x00007ff9f9b25000 	C:\WINDOWS\System32\SHCORE.dll
0x00007ff9f99d0000 - 0x00007ff9f9a2e000 	C:\WINDOWS\System32\shlwapi.dll
0x00007ff9f7cc0000 - 0x00007ff9f7ce1000 	C:\WINDOWS\SYSTEM32\profapi.dll
0x00007ff9f4260000 - 0x00007ff9f426c000 	C:\Program Files\JAVA\jdk-19\bin\dt_socket.dll
0x00007ff9f6820000 - 0x00007ff9f684d000 	C:\WINDOWS\SYSTEM32\IPHLPAPI.DLL
0x00007ff9f7220000 - 0x00007ff9f7289000 	C:\WINDOWS\system32\mswsock.dll
0x00007ff9e2720000 - 0x00007ff9e2733000 	C:\Program Files\JAVA\jdk-19\bin\net.dll
0x00007ff9f1a90000 - 0x00007ff9f1bc6000 	C:\WINDOWS\SYSTEM32\WINHTTP.dll
0x00007ff9e2590000 - 0x00007ff9e25a6000 	C:\Program Files\JAVA\jdk-19\bin\nio.dll
0x00007ff9d8890000 - 0x00007ff9d88a8000 	C:\Program Files\JAVA\jdk-19\bin\zip.dll
0x00007ff9b1bf0000 - 0x00007ff9b1d81000 	C:\Program Files\JAVA\jdk-19\bin\awt.dll
0x00007ff9f4c40000 - 0x00007ff9f4cd7000 	C:\WINDOWS\SYSTEM32\apphelp.dll
0x00007ff9f4de0000 - 0x00007ff9f4e8b000 	C:\WINDOWS\system32\uxtheme.dll
0x00007ff9fa220000 - 0x00007ff9fa375000 	C:\WINDOWS\System32\MSCTF.dll
0x00007ff9f87a0000 - 0x00007ff9f8945000 	C:\WINDOWS\System32\ole32.dll
0x00007ff9f5060000 - 0x00007ff9f508b000 	C:\WINDOWS\system32\DWMAPI.DLL
0x00007ff9c93d0000 - 0x00007ff9c9456000 	C:\Program Files\JAVA\jdk-19\bin\freetype.dll
0x00007ff9c5750000 - 0x00007ff9c5816000 	C:\Program Files\JAVA\jdk-19\bin\fontmanager.dll
0x00007ff9c4620000 - 0x00007ff9c4720000 	C:\WINDOWS\system32\opengl32.dll
0x00007ff979830000 - 0x00007ff97985d000 	C:\WINDOWS\SYSTEM32\GLU32.dll
0x00007ff9f4ef0000 - 0x00007ff9f4f29000 	C:\WINDOWS\SYSTEM32\dxcore.dll
0x00007ff9f8cf0000 - 0x00007ff9f9164000 	C:\WINDOWS\System32\SETUPAPI.dll
0x00007ff9e8ef0000 - 0x00007ff9e8ef8000 	C:\Program Files\JAVA\jdk-19\bin\extnet.dll
0x00007ff9d9d60000 - 0x00007ff9d9eae000 	C:\WINDOWS\SYSTEM32\textinputframework.dll
0x00007ff9d8dd0000 - 0x00007ff9d8e39000 	C:\WINDOWS\system32\Oleacc.dll
0x00007ff9f9c20000 - 0x00007ff9f9cd0000 	C:\WINDOWS\System32\clbcatq.dll
0x00007ff9db0b0000 - 0x00007ff9db0fb000 	C:\WINDOWS\system32\ApplicationTargetedFeatureDatabase.dll
0x00007ff9ee6e0000 - 0x00007ff9ee96a000 	C:\Windows\System32\twinapi.appcore.dll
0x00007ff9e9d00000 - 0x00007ff9e9d10000 	C:\Program Files\JAVA\jdk-19\bin\verify.dll
0x00007ff9f4950000 - 0x00007ff9f4a83000 	C:\WINDOWS\SYSTEM32\CoreMessaging.dll
0x00007ff9f1200000 - 0x00007ff9f156c000 	C:\WINDOWS\SYSTEM32\CoreUIComponents.dll
0x00007ff9f7480000 - 0x00007ff9f748c000 	C:\WINDOWS\SYSTEM32\CRYPTBASE.DLL
0x0000000063ac0000 - 0x0000000063b91000 	C:\Users\HARSHIT\AppData\Local\Temp\javacpp790416210974800\msvcr100.dll
0x0000000063a20000 - 0x0000000063ab8000 	C:\Users\HARSHIT\AppData\Local\Temp\javacpp790416210974800\msvcp100.dll
0x0000000066840000 - 0x00000000676b4000 	C:\Users\HARSHIT\AppData\Local\Temp\javacpp790416210974800\opencv_ffmpeg248_64.dll
0x00007ff9c0c90000 - 0x00007ff9c0f02000 	C:\Users\HARSHIT\AppData\Local\Temp\javacpp790416210974800\opencv_core248.dll
0x00007ff9b9e60000 - 0x00007ff9ba112000 	C:\Users\HARSHIT\AppData\Local\Temp\javacpp790416210974800\opencv_imgproc248.dll
0x00007ff9b9c10000 - 0x00007ff9b9e5d000 	C:\Users\HARSHIT\AppData\Local\Temp\javacpp790416210974800\opencv_highgui248.dll
0x00007ff9d6430000 - 0x00007ff9d644a000 	C:\WINDOWS\SYSTEM32\AVICAP32.dll
0x00007ff9d6400000 - 0x00007ff9d642b000 	C:\WINDOWS\SYSTEM32\MSVFW32.dll
0x00007ff9d2120000 - 0x00007ff9d2144000 	C:\WINDOWS\SYSTEM32\AVIFIL32.dll
0x00007ff9ea440000 - 0x00007ff9ea45e000 	C:\WINDOWS\SYSTEM32\MSACM32.dll
0x00007ff9d2030000 - 0x00007ff9d2043000 	C:\Users\HARSHIT\AppData\Local\Temp\javacpp790416210974800\jniopencv_highgui.dll
0x00007ff9d1d60000 - 0x00007ff9d1d81000 	C:\Windows\System32\devenum.dll
0x00007ff9f7a40000 - 0x00007ff9f7a8e000 	C:\Windows\System32\CFGMGR32.dll
0x00007ff9f6dd0000 - 0x00007ff9f6e04000 	C:\WINDOWS\SYSTEM32\ntmarta.dll
0x00007ff9f79f0000 - 0x00007ff9f7a1c000 	C:\WINDOWS\SYSTEM32\DEVOBJ.dll
0x00007ff9f82c0000 - 0x00007ff9f832b000 	C:\WINDOWS\System32\WINTRUST.dll
0x00007ff9f8570000 - 0x00007ff9f86d8000 	C:\WINDOWS\System32\CRYPT32.dll
0x00007ff9f74e0000 - 0x00007ff9f74f2000 	C:\WINDOWS\SYSTEM32\MSASN1.dll
0x00007ff9f4160000 - 0x00007ff9f416b000 	C:\WINDOWS\SYSTEM32\msdmo.dll
0x00007ff9d1980000 - 0x00007ff9d19b9000 	C:\Windows\System32\qcap.dll
0x00007ff9ba380000 - 0x00007ff9ba567000 	C:\Windows\System32\quartz.dll
0x00007ff9d1170000 - 0x00007ff9d11ab000 	C:\Windows\System32\mfksproxy.dll
0x00007ff9dfdb0000 - 0x00007ff9dfdce000 	C:\Windows\System32\ATL.DLL
0x00007ff9ef3b0000 - 0x00007ff9ef57e000 	C:\Windows\System32\MFPlat.DLL
0x00007ff9ef330000 - 0x00007ff9ef363000 	C:\Windows\System32\RTWorkQ.DLL
0x00007ff9eff40000 - 0x00007ff9f02d9000 	C:\Windows\System32\MFCORE.dll
0x00007ff9c0740000 - 0x00007ff9c07de000 	C:\Windows\System32\FrameServerClient.dll
0x00007ff9f04a0000 - 0x00007ff9f051f000 	C:\Windows\System32\MFSENSORGROUP.dll
0x00007ff9f1830000 - 0x00007ff9f183b000 	C:\Windows\System32\AVRT.dll
0x00007ff958170000 - 0x00007ff958205000 	C:\Windows\System32\Windows.Media.MediaControl.dll
0x00007ff9e91d0000 - 0x00007ff9e926d000 	C:\Windows\System32\MMDevAPI.DLL
0x00007ff9c7da0000 - 0x00007ff9c7ec0000 	C:\Windows\System32\MFReadWrite.dll
0x00007ff9d1950000 - 0x00007ff9d1976000 	C:\Windows\System32\kswdmcap.ax
0x00007ff9f2f60000 - 0x00007ff9f2f6f000 	C:\Windows\System32\vidcap.ax
0x00007ff9bec30000 - 0x00007ff9becdf000 	C:\Windows\System32\qedit.dll
0x00007ff9fa410000 - 0x00007ff9fa508000 	C:\WINDOWS\System32\COMDLG32.dll
0x00007ff9cf440000 - 0x00007ff9cf5fa000 	C:\WINDOWS\WinSxS\amd64_microsoft.windows.gdiplus_6595b64144ccf1df_1.1.22621.3566_none_57fd5170ce15efff\gdiplus.dll
0x00007ff9bd660000 - 0x00007ff9bd75e000 	C:\Windows\System32\DDRAW.dll
0x00007ff9f4f30000 - 0x00007ff9f5027000 	C:\Windows\System32\dxgi.dll
0x00007ff9eaa10000 - 0x00007ff9eaa19000 	C:\Windows\System32\DCIMAN32.dll
0x00007ff9e5b90000 - 0x00007ff9e5bb9000 	C:\WINDOWS\SYSTEM32\WINMMBASE.dll
0x00007ff9c06a0000 - 0x00007ff9c073a000 	C:\Users\HARSHIT\AppData\Local\Temp\javacpp790416210974800\jniopencv_core.dll

dbghelp: loaded successfully - version: 4.0.5 - missing functions: none
symbol engine: initialized successfully - sym options: 0x614 - pdb path: .;C:\Program Files\JAVA\jdk-19\bin;C:\WINDOWS\SYSTEM32;C:\WINDOWS\WinSxS\amd64_microsoft.windows.common-controls_6595b64144ccf1df_6.0.22621.3566_none_27125e8b73837631;C:\Program Files\JAVA\jdk-19\bin\server;C:\Windows\System32\DriverStore\FileRepository\u0373026.inf_amd64_019c2394c5580e0e\B372529;C:\Users\HARSHIT\AppData\Local\Temp\javacpp790416210974800;C:\WINDOWS\WinSxS\amd64_microsoft.windows.gdiplus_6595b64144ccf1df_1.1.22621.3566_none_57fd5170ce15efff

VM Arguments:
jvm_args: -agentlib:jdwp=transport=dt_socket,server=n,address=57373 
java_command: modules.Face
java_class_path (initial): D:\PROJECT\Evoting\evoting\target\classes;C:\Users\HARSHIT\.m2\repository\com\sun\mail\javax.mail\1.6.2\javax.mail-1.6.2.jar;C:\Users\HARSHIT\.m2\repository\javax\activation\activation\1.1\activation-1.1.jar;C:\Users\HARSHIT\.m2\repository\mysql-connector-java\mysql-connector-java\8.0.27\mysql-connector-java-8.0.27.jar;C:\Users\HARSHIT\.m2\repository\javacv-windows\javacv-windows\0.7\javacv-windows-0.7.jar;C:\Users\HARSHIT\.m2\repository\javacvcppjar\javacvcppjar\0.7\javacvcppjar-0.7.jar;C:\Users\HARSHIT\.m2\repository\javacv\javacv\0.7\javacv-0.7.jar;C:\Users\HARSHIT\.m2\repository\com\googlecode\javacpp\javacpp\0.7\javacpp-0.7.jar;C:\Users\HARSHIT\.m2\repository\opencv\opencv\490\opencv-490.jar;C:\Users\HARSHIT\.m2\repository\opencvjar\opencvjar\2.4.8\opencvjar-2.4.8.jar
Launcher Type: SUN_STANDARD

[Global flags]
     intx CICompilerCount                          = 12                                        {product} {ergonomic}
     uint ConcGCThreads                            = 3                                         {product} {ergonomic}
     uint G1ConcRefinementThreads                  = 13                                        {product} {ergonomic}
   size_t G1HeapRegionSize                         = 1048576                                   {product} {ergonomic}
    uintx GCDrainStackTargetSize                   = 64                                        {product} {ergonomic}
   size_t InitialHeapSize                          = 125829120                                 {product} {ergonomic}
   size_t MarkStackSize                            = 4194304                                   {product} {ergonomic}
   size_t MaxHeapSize                              = 1983905792                                {product} {ergonomic}
   size_t MaxNewSize                               = 1190133760                                {product} {ergonomic}
   size_t MinHeapDeltaBytes                        = 1048576                                   {product} {ergonomic}
   size_t MinHeapSize                              = 8388608                                   {product} {ergonomic}
    uintx NonNMethodCodeHeapSize                   = 7602480                                {pd product} {ergonomic}
    uintx NonProfiledCodeHeapSize                  = 122027880                              {pd product} {ergonomic}
    uintx ProfiledCodeHeapSize                     = 122027880                              {pd product} {ergonomic}
    uintx ReservedCodeCacheSize                    = 251658240                              {pd product} {ergonomic}
     bool SegmentedCodeCache                       = true                                      {product} {ergonomic}
   size_t SoftMaxHeapSize                          = 1983905792                             {manageable} {ergonomic}
     bool UseCompressedClassPointers               = true                           {product lp64_product} {ergonomic}
     bool UseCompressedOops                        = true                           {product lp64_product} {ergonomic}
     bool UseG1GC                                  = true                                      {product} {ergonomic}
     bool UseLargePagesIndividualAllocation        = false                                  {pd product} {ergonomic}

Logging:
Log output configuration:
 #0: stdout all=off uptime,level,tags foldmultilines=false
 #1: stderr all=off uptime,level,tags foldmultilines=false

Environment Variables:
JAVA_HOME=C:\Program Files\JAVA\jdk-19
PATH=C:\Program Files\Common Files\Oracle\Java\javapath;C:\Program Files (x86)\Common Files\Oracle\Java\javapath;C:\WINDOWS\system32;C:\WINDOWS;C:\WINDOWS\System32\Wbem;C:\WINDOWS\System32\WindowsPowerShell\v1.0\;C:\WINDOWS\System32\OpenSSH\;C:\msys64\mingw64\bin;C:\Users\HARSHIT;C:\opencv\opencv\build\x64\vc16;D:\PROJECT\APIs\opencv\opencv\build\x64\vc16\bin;D:\PROJECT\APIs\piechart\java-swing-pie-chart-main\src\javaswingdev\chart;C:\Users\HARSHIT\AppData\Local\Programs\Python\Python310\Scripts\;C:\Users\HARSHIT\AppData\Local\Programs\Python\Python310\;C:\Users\HARSHIT\AppData\Local\Microsoft\WindowsApps;C:\Users\HARSHIT\AppData\Local\Programs\Microsoft VS Code\bin;C:\Users\HARSHIT\AppData\Local\GitHubDesktop\bin;
USERNAME=HARSHIT
OS=Windows_NT
PROCESSOR_IDENTIFIER=AMD64 Family 23 Model 104 Stepping 1, AuthenticAMD
TMP=C:\Users\HARSHIT\AppData\Local\Temp
TEMP=C:\Users\HARSHIT\AppData\Local\Temp



---------------  S Y S T E M  ---------------

OS:
 Windows 11 , 64 bit Build 22621 (10.0.22621.3570)
OS uptime: 9 days 3:33 hours

CPU: total 16 (initial active 16) (16 cores per cpu, 2 threads per core) family 23 model 104 stepping 1 microcode 0x0, cx8, cmov, fxsr, ht, mmx, 3dnowpref, sse, sse2, sse3, ssse3, sse4a, sse4.1, sse4.2, popcnt, lzcnt, tsc, tscinvbit, avx, avx2, aes, clmul, bmi1, bmi2, adx, sha, fma, vzeroupper, clflush, clflushopt, rdtscp, rdpid

Memory: 4k page, system-wide physical 7561M (434M free)
TotalPageFile size 23683M (AvailPageFile size 7253M)
current process WorkingSet (physical memory assigned to process): 135M, peak: 137M
current process commit charge ("private bytes"): 281M, peak: 307M

vm_info: Java HotSpot(TM) 64-Bit Server VM (19.0.2+7-44) for windows-amd64 JRE (19.0.2+7-44), built on 2022-11-30T18:02:09Z by "mach5one" with MS VC++ 17.1 (VS2022)

END.
